Ganache CLI v6.6.1 (ganache-core: 2.7.0)

Available Accounts
==================
(0) 0x4Ea8C53D76Eb9c7482a3D06bB8f23cE9271646Bb (100 ETH)
(1) 0xDC7B673634223d63cf5C94AB9317217Fa63bF1f1 (100 ETH)
(2) 0x2f7487bf822f7b8973328ce50E74F2b6e6337F6C (100 ETH)
(3) 0x8AE3986c61CEdF0B6b3CC37561449c2Cd3D2c5f3 (100 ETH)
(4) 0xBAa482858A5F643A6184ff3593340BFE76555D82 (100 ETH)
(5) 0x5DD20F4DDa71f19edCd1860ffaF71B441B250874 (100 ETH)
(6) 0x4F7DCEaa7792F6AFD89D7D06b263Dd8ff31cab6A (100 ETH)
(7) 0xa20a17A421A75DDa3EB683A5D034ac5eE79021a3 (100 ETH)
(8) 0xeDAae3066380628Ed3c2AEa55d82F1Ad47dD8AB8 (100 ETH)
(9) 0x473429402549C74edec0050F1C077EFB80a6a21D (100 ETH)

Private Keys
==================
(0) 0x00c2483e650ff7a6b3bf5028de8bb9a0a8d93f0fa6f963015756f2ab84b9cb47
(1) 0xbebe0eacd21d6ea17df35c1659a1ea40168af9b10ec9114d971b797045b93ec1
(2) 0x3254105f505d5344e3712516ff407b3fbfa1126f9f242e54f4552e7ba1773410
(3) 0x564830c1fe74d015a9604041cfc87c9d6c92cd8f3b9da1007e2ecf0fbab1d107
(4) 0x72c33e6c59ac22092099e056e2509883611ea4b85e408822970f090876f57b02
(5) 0x85a60df98c8cb451efd2543cde72739139ef1a95c9bacb960ac8bc9c0131a906
(6) 0x582b5c8e347ca5ffc0ce7777b17beee419c687e1c132a1efa663552bf5c083c6
(7) 0xbdeaf710cc6f07ee1c7566c0c004ce9d1a4ab640ff80555f467fc01e7c9969f4
(8) 0x378ab62132e8bf90801957ff059cfc9e881bdc259e203d493dcb0c63379ccd2b
(9) 0xf30ce3b0a4039bc5ef22a4ef2c3b30029f968d294bd8864129ce306d1200c554

HD Wallet
==================
Mnemonic:      distance shoot school chronic field permit genuine virus jaguar camera victory ensure
Base HD Path:  m/44'/60'/0'/0/{account_index}

Gas Price
==================
20000000000

Gas Limit
==================
6721975

Listening on 127.0.0.1:7545
eth_blockNumber
net_version
eth_accounts
eth_accounts
eth_blockNumber
net_version
eth_accounts
eth_accounts
eth_blockNumber
net_version
eth_accounts
eth_accounts
eth_blockNumber
net_version
eth_accounts
eth_accounts
eth_blockNumber
net_version
eth_accounts
eth_accounts
eth_blockNumber
net_version
eth_accounts
eth_accounts
eth_blockNumber
net_version
eth_accounts
eth_accounts
eth_blockNumber
net_version
eth_accounts
eth_accounts
eth_blockNumber
net_version
eth_accounts
eth_accounts
evm_snapshot
Saved snapshot #1
eth_blockNumber
net_version
eth_getBlockByNumber
eth_estimateGas
eth_getBlockByNumber
eth_gasPrice
eth_sendTransaction

  Transaction: 0x39b47851585da88d7980f3f07bb6fb83f802c5db941823be3698b07adde60eb2
  Contract created: 0x599075f0991e147fcf1219c7ce679d4006153064
  Gas usage: 2379177
  Block Number: 1
  Block Time: Tue May 16 2023 12:12:29 GMT+0100 (British Summer Time)

eth_getTransactionReceipt
eth_getCode
eth_blockNumber
net_version
eth_accounts
eth_accounts
evm_snapshot
Saved snapshot #2
eth_blockNumber
net_version
eth_getBlockByNumber
eth_estimateGas
eth_getBlockByNumber
eth_gasPrice
eth_sendTransaction

  Transaction: 0x498bcc911483577f59c87a1fb52f62a4ef69949e40e0ca9fbb8fbf911cdfa34c
  Contract created: 0xc612ea12cd9388efcea950bd683f254ea29e2f26
  Gas usage: 2379177
  Block Number: 2
  Block Time: Tue May 16 2023 12:14:16 GMT+0100 (British Summer Time)

eth_getTransactionReceipt
eth_getCode
net_version
eth_getBlockByNumber
eth_estimateGas
eth_getBlockByNumber
eth_getBlockByNumber
eth_gasPrice
eth_getBlockByNumber
eth_sendTransaction

  Transaction: 0xee28add456671be18725a967f7cee23a797bc08448dd277775f2ce53b15522c5
  Gas usage: 105687
  Block Number: 3
  Block Time: Tue May 16 2023 12:14:17 GMT+0100 (British Summer Time)

eth_getTransactionReceipt
eth_blockNumber
net_version
eth_accounts
eth_accounts
evm_snapshot
Saved snapshot #3
eth_blockNumber
net_version
eth_getBlockByNumber
eth_estimateGas
eth_getBlockByNumber
eth_gasPrice
eth_sendTransaction

  Transaction: 0x00c24a810293e4649040d2cab7d282ce184c8dba5580a77ab4299b0c397b8b77
  Contract created: 0xea17439c862dd66730b054f44a5584fc0ee79488
  Gas usage: 2379177
  Block Number: 4
  Block Time: Tue May 16 2023 12:15:34 GMT+0100 (British Summer Time)

eth_getTransactionReceipt
eth_getCode
net_version
eth_getBlockByNumber
eth_estimateGas
eth_getBlockByNumber
eth_getBlockByNumber
eth_gasPrice
eth_getBlockByNumber
eth_sendTransaction

  Transaction: 0xfb87e39753c6176a4064018c3b1473369d5b8c0aa14be9e992b4d8cec13a3898
  Gas usage: 105687
  Block Number: 5
  Block Time: Tue May 16 2023 12:15:36 GMT+0100 (British Summer Time)

eth_getTransactionReceipt
net_version
eth_getBlockByNumber
eth_getBlockByNumber
eth_estimateGas
eth_getBlockByNumber
eth_getBlockByNumber
eth_gasPrice
eth_sendTransaction

  Transaction: 0x4c2d41842ae2c6f897d7305558ba5280f817d8f04841f5992a808f46a998bf0f
  Gas usage: 66134
  Block Number: 6
  Block Time: Tue May 16 2023 12:15:37 GMT+0100 (British Summer Time)

eth_getTransactionReceipt
net_version
eth_getBlockByNumber
eth_getBlockByNumber
eth_getBlockByNumber
eth_getBlockByNumber
eth_getBlockByNumber
eth_estimateGas
eth_getBlockByNumber
eth_gasPrice
eth_sendTransaction
eth_getBlockByNumber
eth_getBlockByNumber

  Transaction: 0x8c00b7525daa59994369a1b1dd650caad7fde79292ad5aa0be898c1a692d680e
  Gas usage: 51134
  Block Number: 7
  Block Time: Tue May 16 2023 12:15:39 GMT+0100 (British Summer Time)

eth_getTransactionReceipt
eth_getBlockByNumber
eth_getBlockByNumber
net_version
eth_getBlockByNumber
eth_getBlockByNumber
eth_getBlockByNumber
eth_estimateGas
eth_getBlockByNumber
eth_gasPrice
eth_getBlockByNumber
eth_getBlockByNumber
eth_getBlockByNumber
eth_sendTransaction
eth_getBlockByNumber
eth_getBlockByNumber
eth_getBlockByNumber

  Transaction: 0x0580366e3d7be3c6a36fc6cd9ed724bbd5482073c496d901e11bd89018ebdc40
  Gas usage: 47443
  Block Number: 8
  Block Time: Tue May 16 2023 12:15:40 GMT+0100 (British Summer Time)

eth_getTransactionReceipt
eth_getBlockByNumber
eth_getBlockByNumber
eth_getBlockByNumber
eth_getLogs
eth_getBlockByNumber
eth_getBlockByNumber
eth_getBlockByNumber
eth_getBlockByNumber
eth_getCode
eth_getCode
eth_getCode
eth_getCode
eth_blockNumber
net_version
eth_getBlockByNumber
eth_getBlockByNumber
eth_getBlockByNumber
eth_getBlockByNumber
eth_getBlockByNumber
eth_getBlockByNumber
eth_getBlockByNumber
eth_getBlockByNumber
eth_getBlockByNumber
eth_estimateGas
eth_getBlockByNumber
eth_getBlockByNumber
eth_getBlockByNumber
eth_gasPrice
eth_sendTransaction

  Transaction: 0x70be24108785d76fad946772ae8273aa48d482f54d865cad33fffe64c04ce1cd
  Contract created: 0x6d71743bbb1c1f4d5d31feb10b039f4c39cb48ce
  Gas usage: 2379177
  Block Number: 9
  Block Time: Tue May 16 2023 12:15:42 GMT+0100 (British Summer Time)

eth_getTransactionReceipt
eth_getBlockByNumber
eth_getBlockByNumber
eth_getBlockByNumber
eth_getCode
eth_getBlockByNumber
eth_getBlockByNumber
eth_getBlockByNumber
net_version
eth_getBlockByNumber
eth_estimateGas
eth_getBlockByNumber
eth_getBlockByNumber
eth_getBlockByNumber
eth_gasPrice
eth_getBlockByNumber
eth_getBlockByNumber
eth_sendTransaction

  Transaction: 0x8144fee906815b860819f885f232c2553c95635f1363a62ded15ef6bfaf02cab
  Gas usage: 105687
  Block Number: 10
  Block Time: Tue May 16 2023 12:15:43 GMT+0100 (British Summer Time)

eth_getTransactionReceipt
net_version
eth_getBlockByNumber
eth_getBlockByNumber
eth_getBlockByNumber
eth_getBlockByNumber
eth_getBlockByNumber
eth_getBlockByNumber
eth_getBlockByNumber
eth_getBlockByNumber
eth_getBlockByNumber
eth_estimateGas
eth_getBlockByNumber
eth_gasPrice
eth_getBlockByNumber
eth_getBlockByNumber
eth_sendTransaction
eth_getBlockByNumber
eth_getBlockByNumber

  Transaction: 0xc9cbb4d151ef15a0608e657ad1ece328c87620e14217652353af265988fe3eb9
  Gas usage: 66134
  Block Number: 11
  Block Time: Tue May 16 2023 12:15:44 GMT+0100 (British Summer Time)

eth_getTransactionReceipt
net_version
eth_getBlockByNumber
eth_getBlockByNumber
eth_getBlockByNumber
eth_getBlockByNumber
eth_getBlockByNumber
eth_getBlockByNumber
eth_estimateGas
eth_getBlockByNumber
eth_getBlockByNumber
eth_getBlockByNumber
eth_getBlockByNumber
eth_getBlockByNumber
eth_getBlockByNumber
eth_gasPrice
eth_sendTransaction

  Transaction: 0x6f245ccfdd6efc768e4d1aa865688d65f98f58d64dd660d0deab5909ad281db1
  Gas usage: 51134
  Block Number: 12
  Block Time: Tue May 16 2023 12:15:45 GMT+0100 (British Summer Time)

eth_getTransactionReceipt
eth_getBlockByNumber
eth_getBlockByNumber
net_version
eth_getBlockByNumber
eth_getBlockByNumber
eth_getBlockByNumber
eth_getBlockByNumber
eth_getBlockByNumber
eth_estimateGas
eth_getBlockByNumber
eth_gasPrice
eth_getBlockByNumber
eth_getBlockByNumber
eth_getBlockByNumber
eth_getBlockByNumber
eth_getBlockByNumber
eth_sendTransaction
eth_getBlockByNumber
eth_getBlockByNumber
eth_getBlockByNumber
eth_getBlockByNumber
eth_getBlockByNumber

  Transaction: 0x3d07cf5cafb408e4b6933f708b9f6a3279e52f0f60951e6b955fe65b6d64db4c
  Gas usage: 47443
  Block Number: 13
  Block Time: Tue May 16 2023 12:15:46 GMT+0100 (British Summer Time)

eth_getTransactionReceipt
net_version
eth_getBlockByNumber
eth_getBlockByNumber
eth_getLogs
eth_estimateGas
eth_getBlockByNumber
eth_getBlockByNumber
eth_getBlockByNumber
eth_getBlockByNumber
eth_getBlockByNumber
eth_gasPrice
eth_getBlockByNumber
eth_getBlockByNumber
eth_getCode
eth_getCode
eth_getCode
eth_getCode
eth_sendTransaction
eth_getBlockByNumber
eth_getBlockByNumber

  Transaction: 0x50bfa9b25589ee896f9b1d6b1916248db54489736e1a336774262143c1366937
  Gas usage: 23313
  Block Number: 14
  Block Time: Tue May 16 2023 12:15:46 GMT+0100 (British Summer Time)
  Runtime Error: revert
  Revert reason: tx already executed

eth_blockNumber
net_version
eth_accounts
eth_accounts
evm_snapshot
Saved snapshot #4
eth_blockNumber
net_version
eth_getBlockByNumber
eth_estimateGas
eth_getBlockByNumber
eth_gasPrice
eth_sendTransaction

  Transaction: 0xe487bf0843a924833913be1791714d8f763d0d921964d559449e4a9055586921
  Contract created: 0xde43147640fbf91aa49f3ef6295a25f259f8f3f0
  Gas usage: 2379177
  Block Number: 15
  Block Time: Tue May 16 2023 12:16:50 GMT+0100 (British Summer Time)

eth_getTransactionReceipt
eth_getCode
net_version
eth_getBlockByNumber
eth_estimateGas
eth_getBlockByNumber
eth_getBlockByNumber
eth_gasPrice
eth_getBlockByNumber
eth_sendTransaction

  Transaction: 0x0e56cbc6190676667516e4e01ac5dafea35d101712504a464421d26eba69dd17
  Gas usage: 105687
  Block Number: 16
  Block Time: Tue May 16 2023 12:16:52 GMT+0100 (British Summer Time)

eth_getTransactionReceipt
net_version
eth_getBlockByNumber
eth_estimateGas
eth_getBlockByNumber
eth_getBlockByNumber
eth_gasPrice
eth_getBlockByNumber
eth_getBlockByNumber
eth_sendTransaction
eth_getBlockByNumber

  Transaction: 0xebd38d434ec156d785982022d9ffe776baf5be55d939b1f377b2ae92afcada58
  Gas usage: 66134
  Block Number: 17
  Block Time: Tue May 16 2023 12:16:54 GMT+0100 (British Summer Time)

eth_getTransactionReceipt
eth_getBlockByNumber
net_version
eth_getBlockByNumber
eth_getBlockByNumber
eth_getBlockByNumber
eth_estimateGas
eth_getBlockByNumber
eth_getBlockByNumber
eth_gasPrice
eth_getBlockByNumber
eth_getBlockByNumber
eth_getBlockByNumber
eth_sendTransaction
eth_getBlockByNumber
eth_getBlockByNumber
eth_getBlockByNumber

  Transaction: 0xae8875875fcd7e3b71579d40a02c0a63ed0a65fcd4d19c4728de5eb4e69b39d7
  Gas usage: 51134
  Block Number: 18
  Block Time: Tue May 16 2023 12:16:56 GMT+0100 (British Summer Time)

eth_getTransactionReceipt
net_version
eth_getBlockByNumber
eth_getBlockByNumber
eth_getBlockByNumber
eth_estimateGas
eth_getBlockByNumber
eth_getBlockByNumber
eth_getBlockByNumber
eth_getBlockByNumber
eth_gasPrice
eth_getBlockByNumber
eth_sendTransaction

  Transaction: 0x4ccb7e3d21f41f2b5b14aca6ab746d2cf2e18ddcf81082c28351b77644b6d493
  Gas usage: 47443
  Block Number: 19
  Block Time: Tue May 16 2023 12:16:57 GMT+0100 (British Summer Time)

eth_getTransactionReceipt
eth_getBlockByNumber
eth_getBlockByNumber
eth_getBlockByNumber
eth_getBlockByNumber
eth_getBlockByNumber
eth_getBlockByNumber
eth_getBlockByNumber
eth_getLogs
eth_getBlockByNumber
eth_getBlockByNumber
eth_getBlockByNumber
eth_getBlockByNumber
eth_getCode
eth_getCode
eth_getCode
eth_getCode
eth_blockNumber
eth_getBlockByNumber
net_version
eth_getBlockByNumber
eth_getBlockByNumber
eth_estimateGas
eth_getBlockByNumber
eth_gasPrice
eth_getBlockByNumber
eth_sendTransaction
eth_getBlockByNumber

  Transaction: 0x39c9f25926d8a2243d9437e2c79953fcd128298708f99247f6ff992dd44cc3d2
  Contract created: 0x1931f7187f1f6839fd994a56571da61fc7ea38d1
  Gas usage: 2379177
  Block Number: 20
  Block Time: Tue May 16 2023 12:16:58 GMT+0100 (British Summer Time)

eth_getTransactionReceipt
eth_getCode
net_version
eth_getBlockByNumber
eth_getBlockByNumber
eth_getBlockByNumber
eth_getBlockByNumber
eth_getBlockByNumber
eth_getBlockByNumber
eth_getBlockByNumber
eth_estimateGas
eth_getBlockByNumber
eth_gasPrice
eth_sendTransaction

  Transaction: 0x84da662420187bd05a18bd1e2fca4d8db99602dc60b519fcb671a43c4af52e21
  Gas usage: 105687
  Block Number: 21
  Block Time: Tue May 16 2023 12:16:59 GMT+0100 (British Summer Time)

eth_getTransactionReceipt
eth_getBlockByNumber
eth_getBlockByNumber
net_version
eth_getBlockByNumber
eth_getBlockByNumber
eth_getBlockByNumber
eth_estimateGas
eth_getBlockByNumber
eth_gasPrice
eth_getBlockByNumber
eth_sendTransaction
eth_getBlockByNumber

  Transaction: 0x8d0211a3246f994f9ff8355f6e4988e5aa30aa0fc77e6a82e6f3200d003496a8
  Gas usage: 66134
  Block Number: 22
  Block Time: Tue May 16 2023 12:17:00 GMT+0100 (British Summer Time)

eth_getTransactionReceipt
net_version
eth_getBlockByNumber
eth_getBlockByNumber
eth_getBlockByNumber
eth_getBlockByNumber
eth_estimateGas
eth_getBlockByNumber
eth_getBlockByNumber
eth_getBlockByNumber
eth_getBlockByNumber
eth_getBlockByNumber
eth_getBlockByNumber
eth_getBlockByNumber
eth_gasPrice
eth_getBlockByNumber
eth_getBlockByNumber
eth_getBlockByNumber
eth_getBlockByNumber
eth_sendTransaction
eth_getBlockByNumber

  Transaction: 0x854424c8353729af74a904efbd1de1a62774e5e5c2c8a1e1c8f0c07e706efd81
  Gas usage: 51134
  Block Number: 23
  Block Time: Tue May 16 2023 12:17:01 GMT+0100 (British Summer Time)

eth_getTransactionReceipt
eth_getBlockByNumber
net_version
eth_getBlockByNumber
eth_getBlockByNumber
eth_estimateGas
eth_getBlockByNumber
eth_getBlockByNumber
eth_getBlockByNumber
eth_getBlockByNumber
eth_gasPrice
eth_getBlockByNumber
eth_getBlockByNumber
eth_getBlockByNumber
eth_sendTransaction

  Transaction: 0xfa33acb6ac244e88cd6a2cfc72831e59f7cbd380c0c7a056fef20ffe027645b6
  Gas usage: 47443
  Block Number: 24
  Block Time: Tue May 16 2023 12:17:01 GMT+0100 (British Summer Time)

eth_getTransactionReceipt
net_version
eth_getBlockByNumber
eth_getBlockByNumber
eth_getBlockByNumber
eth_getBlockByNumber
eth_getBlockByNumber
eth_getBlockByNumber
eth_getBlockByNumber
eth_getBlockByNumber
eth_getBlockByNumber
eth_getBlockByNumber
eth_getLogs
eth_estimateGas
eth_getBlockByNumber
eth_getBlockByNumber
eth_getBlockByNumber
eth_getBlockByNumber
eth_getBlockByNumber
eth_gasPrice
eth_getCode
eth_getCode
eth_getCode
eth_getCode
eth_sendTransaction

  Transaction: 0xad48c8c719a4ded228af14a50374156e095476e09acd50a4d695f9d1b15a9467
  Gas usage: 23313
  Block Number: 25
  Block Time: Tue May 16 2023 12:17:02 GMT+0100 (British Summer Time)
  Runtime Error: revert
  Revert reason: tx already executed

eth_blockNumber
net_version
eth_accounts
eth_accounts
evm_snapshot
Saved snapshot #5
eth_blockNumber
net_version
eth_getBlockByNumber
eth_estimateGas
eth_getBlockByNumber
eth_gasPrice
eth_sendTransaction

  Transaction: 0x12bf9dc5ac3b91b4d9971836c9343fd3c03a80eb3c719ddd8e8e08700b8f8787
  Contract created: 0x88fd75efce9d2e25059d84ca12011715058f25ed
  Gas usage: 2379177
  Block Number: 26
  Block Time: Tue May 16 2023 13:38:13 GMT+0100 (British Summer Time)

eth_getTransactionReceipt
eth_getCode
net_version
eth_getBlockByNumber
eth_getBlockByNumber
eth_estimateGas
eth_getBlockByNumber
eth_getBlockByNumber
eth_gasPrice
eth_sendTransaction

  Transaction: 0xc55511eccda6dacb1dd82c985821193a99ff39b3aaa0f65e17883c55d518ab17
  Gas usage: 105687
  Block Number: 27
  Block Time: Tue May 16 2023 13:38:15 GMT+0100 (British Summer Time)

eth_getTransactionReceipt
net_version
eth_getBlockByNumber
eth_getBlockByNumber
eth_getBlockByNumber
eth_estimateGas
eth_getBlockByNumber
eth_gasPrice
eth_sendTransaction
eth_getBlockByNumber

  Transaction: 0xcd4bd912061777762a81b0845607aece712ad7b302c3a4c803e36ba91f990c96
  Gas usage: 66134
  Block Number: 28
  Block Time: Tue May 16 2023 13:38:17 GMT+0100 (British Summer Time)

eth_getTransactionReceipt
eth_getBlockByNumber
eth_getBlockByNumber
net_version
eth_getBlockByNumber
eth_getBlockByNumber
eth_estimateGas
eth_getBlockByNumber
eth_gasPrice
eth_getBlockByNumber
eth_getBlockByNumber
eth_getBlockByNumber
eth_sendTransaction
eth_getBlockByNumber
eth_getBlockByNumber
eth_getBlockByNumber

  Transaction: 0x19ee291014e288f9e1d25deeb869fc275b008f4c6476c421712b14fed3e626a2
  Gas usage: 51134
  Block Number: 29
  Block Time: Tue May 16 2023 13:38:18 GMT+0100 (British Summer Time)

eth_getTransactionReceipt
net_version
eth_getBlockByNumber
eth_getBlockByNumber
eth_getBlockByNumber
eth_getBlockByNumber
eth_estimateGas
eth_getBlockByNumber
eth_getBlockByNumber
eth_getBlockByNumber
eth_getBlockByNumber
eth_gasPrice
eth_getBlockByNumber
eth_sendTransaction
eth_getBlockByNumber

  Transaction: 0x4c49a8bf8f62cfbad3b0478a8c0ef0d0a852da3bd668f879ca63539bd390ad9a
  Gas usage: 47443
  Block Number: 30
  Block Time: Tue May 16 2023 13:38:20 GMT+0100 (British Summer Time)

eth_getTransactionReceipt
eth_getBlockByNumber
eth_getLogs
eth_getBlockByNumber
eth_getBlockByNumber
eth_getBlockByNumber
eth_getBlockByNumber
eth_getBlockByNumber
eth_getBlockByNumber
eth_getBlockByNumber
eth_getCode
eth_getCode
eth_getCode
eth_getCode
eth_getBlockByNumber
eth_getBlockByNumber
eth_getBlockByNumber
eth_getBlockByNumber
eth_getBlockByNumber
eth_blockNumber
net_version
eth_getBlockByNumber
eth_estimateGas
eth_getBlockByNumber
eth_getBlockByNumber
eth_gasPrice
eth_getBlockByNumber
eth_getBlockByNumber
eth_getBlockByNumber
eth_getBlockByNumber
eth_getBlockByNumber
eth_sendTransaction
eth_getBlockByNumber
eth_getBlockByNumber
eth_getBlockByNumber
eth_getBlockByNumber

  Transaction: 0xe9727acf65be1dbb18032fd50c69ed6f1b6bfebba004ee9d19d23c0215b54704
  Contract created: 0x36f0b846c35556b9931637e753cde848b59559d6
  Gas usage: 2379177
  Block Number: 31
  Block Time: Tue May 16 2023 13:38:22 GMT+0100 (British Summer Time)

eth_getTransactionReceipt
eth_getCode
net_version
eth_getBlockByNumber
eth_getBlockByNumber
eth_getBlockByNumber
eth_getBlockByNumber
eth_getBlockByNumber
eth_getBlockByNumber
eth_getBlockByNumber
eth_getBlockByNumber
eth_getBlockByNumber
eth_estimateGas
eth_getBlockByNumber
eth_getBlockByNumber
eth_gasPrice
eth_getBlockByNumber
eth_sendTransaction

  Transaction: 0xb9b062e1b32c36849813da781bbf565e1e24779ac102f53df0e06a29ec97bd1f
  Gas usage: 105687
  Block Number: 32
  Block Time: Tue May 16 2023 13:38:23 GMT+0100 (British Summer Time)

eth_getTransactionReceipt
eth_getBlockByNumber
net_version
eth_getBlockByNumber
eth_getBlockByNumber
eth_estimateGas
eth_getBlockByNumber
eth_gasPrice
eth_sendTransaction

  Transaction: 0x0d27f6ccddd879b21c4d0a2254945ee8da5bd7c5e0afeb5cbada19734c6ee005
  Gas usage: 66134
  Block Number: 33
  Block Time: Tue May 16 2023 13:38:24 GMT+0100 (British Summer Time)

eth_getTransactionReceipt
eth_getBlockByNumber
eth_getBlockByNumber
eth_getBlockByNumber
eth_getBlockByNumber
eth_getBlockByNumber
net_version
eth_getBlockByNumber
eth_getBlockByNumber
eth_getBlockByNumber
eth_getBlockByNumber
eth_getBlockByNumber
eth_getBlockByNumber
eth_estimateGas
eth_getBlockByNumber
eth_getBlockByNumber
eth_getBlockByNumber
eth_gasPrice
eth_getBlockByNumber
eth_getBlockByNumber
eth_sendTransaction

  Transaction: 0x4d5a538a37568da98dbe50958a9e1f04d4f5a3b4d448127d69c61eec480b3556
  Gas usage: 51134
  Block Number: 34
  Block Time: Tue May 16 2023 13:38:24 GMT+0100 (British Summer Time)

eth_getTransactionReceipt
net_version
eth_getBlockByNumber
eth_getBlockByNumber
eth_getBlockByNumber
eth_getBlockByNumber
eth_getBlockByNumber
eth_getBlockByNumber
eth_getBlockByNumber
eth_estimateGas
eth_getBlockByNumber
eth_getBlockByNumber
eth_getBlockByNumber
eth_getBlockByNumber
eth_getBlockByNumber
eth_getBlockByNumber
eth_getBlockByNumber
eth_gasPrice
eth_sendTransaction

  Transaction: 0x732f4f69611669b413d707a36dc5cdbd1ff297ba01e6cd866acb534e1cf8990e
  Gas usage: 47443
  Block Number: 35
  Block Time: Tue May 16 2023 13:38:25 GMT+0100 (British Summer Time)

eth_getTransactionReceipt
eth_getBlockByNumber
eth_getBlockByNumber
eth_getBlockByNumber
net_version
eth_getBlockByNumber
eth_getBlockByNumber
eth_getBlockByNumber
eth_getBlockByNumber
eth_getBlockByNumber
eth_getBlockByNumber
eth_getBlockByNumber
eth_getBlockByNumber
eth_getBlockByNumber
eth_getBlockByNumber
eth_getBlockByNumber
eth_getLogs
eth_getBlockByNumber
eth_getBlockByNumber
eth_getBlockByNumber
eth_getBlockByNumber
eth_getBlockByNumber
eth_getBlockByNumber
eth_estimateGas
eth_getBlockByNumber
eth_getBlockByNumber
eth_getBlockByNumber
eth_getBlockByNumber
eth_getBlockByNumber
eth_gasPrice
eth_getCode
eth_getCode
eth_getCode
eth_getCode
eth_sendTransaction

  Transaction: 0xc08538a62136206eda21a1a05bbb47a60fbb3c5c0dfa84159c7ba3dec4da7118
  Gas usage: 23313
  Block Number: 36
  Block Time: Tue May 16 2023 13:38:26 GMT+0100 (British Summer Time)
  Runtime Error: revert
  Revert reason: tx already executed

eth_blockNumber
net_version
eth_accounts
eth_accounts
evm_snapshot
Saved snapshot #6
eth_blockNumber
net_version
eth_getBlockByNumber
eth_estimateGas
eth_getBlockByNumber
eth_gasPrice
eth_sendTransaction

  Transaction: 0xe2e78a57d53cb50277ba25ddf54542398ff3a6c3bc4ad7289bbfa20801994322
  Contract created: 0x6947a984162679cdc040bb5c012eeb81e955f589
  Gas usage: 2379177
  Block Number: 37
  Block Time: Tue May 16 2023 13:41:15 GMT+0100 (British Summer Time)

eth_getTransactionReceipt
eth_getCode
net_version
eth_getBlockByNumber
eth_getBlockByNumber
eth_estimateGas
eth_getBlockByNumber
eth_getBlockByNumber
eth_gasPrice
eth_sendTransaction
eth_getBlockByNumber

  Transaction: 0x773347f03d1340139d6cce587b7d58cddfc6dbccb013e3b0d09e3e12ac385732
  Gas usage: 105687
  Block Number: 38
  Block Time: Tue May 16 2023 13:41:18 GMT+0100 (British Summer Time)

eth_getTransactionReceipt
eth_getBlockByNumber
net_version
eth_getBlockByNumber
eth_estimateGas
eth_getBlockByNumber
eth_getBlockByNumber
eth_getBlockByNumber
eth_gasPrice
eth_getBlockByNumber
eth_getBlockByNumber
eth_sendTransaction

  Transaction: 0x155336e3b9382cd1654bdfae38b8b5d52a4bce92cf0d8ec4108eccdab26dd1c7
  Gas usage: 66134
  Block Number: 39
  Block Time: Tue May 16 2023 13:41:20 GMT+0100 (British Summer Time)

eth_getTransactionReceipt
net_version
eth_getBlockByNumber
eth_getBlockByNumber
eth_getBlockByNumber
eth_getBlockByNumber
eth_getBlockByNumber
eth_estimateGas
eth_getBlockByNumber
eth_gasPrice
eth_getBlockByNumber
eth_getBlockByNumber
eth_getBlockByNumber
eth_sendTransaction
eth_getBlockByNumber
eth_getBlockByNumber
eth_getBlockByNumber

  Transaction: 0xa6b6ad969b3680e28d88061ae76517555add129466371bc3b94a2ae5bea9de6f
  Gas usage: 51134
  Block Number: 40
  Block Time: Tue May 16 2023 13:41:22 GMT+0100 (British Summer Time)

eth_getTransactionReceipt
net_version
eth_getBlockByNumber
eth_estimateGas
eth_getBlockByNumber
eth_gasPrice
eth_sendTransaction
eth_getBlockByNumber
eth_getBlockByNumber
eth_getBlockByNumber
eth_getBlockByNumber

  Transaction: 0x25bb98b13f3a13efa2a8be25244e55e6435e21571804ed06822fff2997262a0f
  Gas usage: 47443
  Block Number: 41
  Block Time: Tue May 16 2023 13:41:23 GMT+0100 (British Summer Time)

eth_getTransactionReceipt
eth_getBlockByNumber
eth_getBlockByNumber
eth_getBlockByNumber
eth_getBlockByNumber
eth_getBlockByNumber
eth_getLogs
eth_getBlockByNumber
eth_getBlockByNumber
eth_getBlockByNumber
eth_getBlockByNumber
eth_getCode
eth_getCode
eth_getCode
eth_getBlockByNumber
eth_getBlockByNumber
eth_getBlockByNumber
eth_getBlockByNumber
eth_getCode
eth_getBlockByNumber
eth_getBlockByNumber
eth_getBlockByNumber
eth_getBlockByNumber
eth_blockNumber
net_version
eth_getBlockByNumber
eth_getBlockByNumber
eth_estimateGas
eth_getBlockByNumber
eth_getBlockByNumber
eth_getBlockByNumber
eth_getBlockByNumber
eth_getBlockByNumber
eth_getBlockByNumber
eth_getBlockByNumber
eth_gasPrice
eth_getBlockByNumber
eth_getBlockByNumber
eth_getBlockByNumber
eth_getBlockByNumber
eth_getBlockByNumber
eth_sendTransaction

  Transaction: 0x81a7e981cd96ade73e3e161f127ba89989201d21b2dfc9266a140e624c386ba2
  Contract created: 0x3517588187648d61df94754a536aff26041e81e9
  Gas usage: 2379177
  Block Number: 42
  Block Time: Tue May 16 2023 13:41:25 GMT+0100 (British Summer Time)

eth_getTransactionReceipt
eth_getCode
net_version
eth_getBlockByNumber
eth_getBlockByNumber
eth_getBlockByNumber
eth_getBlockByNumber
eth_getBlockByNumber
eth_estimateGas
eth_getBlockByNumber
eth_getBlockByNumber
eth_getBlockByNumber
eth_getBlockByNumber
eth_getBlockByNumber
eth_getBlockByNumber
eth_gasPrice
eth_getBlockByNumber
eth_getBlockByNumber
eth_sendTransaction
eth_getBlockByNumber

  Transaction: 0xe121b56ef3ac59de71566a1437ab8e10ec74950a179ce17dfeea08066e50acf6
  Gas usage: 105687
  Block Number: 43
  Block Time: Tue May 16 2023 13:41:27 GMT+0100 (British Summer Time)

eth_getTransactionReceipt
net_version
eth_getBlockByNumber
eth_getBlockByNumber
eth_getBlockByNumber
eth_getBlockByNumber
eth_getBlockByNumber
eth_getBlockByNumber
eth_getBlockByNumber
eth_getBlockByNumber
eth_getBlockByNumber
eth_getBlockByNumber
eth_getBlockByNumber
eth_estimateGas
eth_getBlockByNumber
eth_gasPrice
eth_getBlockByNumber
eth_sendTransaction
eth_getBlockByNumber
eth_getBlockByNumber
eth_getBlockByNumber
eth_getBlockByNumber
eth_getBlockByNumber
eth_getBlockByNumber
eth_getBlockByNumber

  Transaction: 0xef0c1fc4d08295ccdd3a74ded25f7128c0abd804ec915a9a6bff94cc8656ccea
  Gas usage: 66134
  Block Number: 44
  Block Time: Tue May 16 2023 13:41:28 GMT+0100 (British Summer Time)

eth_getTransactionReceipt
eth_getBlockByNumber
eth_getBlockByNumber
eth_getBlockByNumber
eth_getBlockByNumber
eth_getBlockByNumber
eth_getBlockByNumber
net_version
eth_getBlockByNumber
eth_estimateGas
eth_getBlockByNumber
eth_getBlockByNumber
eth_gasPrice
eth_getBlockByNumber
eth_getBlockByNumber
eth_getBlockByNumber
eth_getBlockByNumber
eth_getBlockByNumber
eth_getBlockByNumber
eth_getBlockByNumber
eth_sendTransaction
eth_getBlockByNumber
eth_getBlockByNumber
eth_getBlockByNumber
eth_getBlockByNumber
eth_getBlockByNumber
eth_getBlockByNumber

  Transaction: 0xa6cba51ea70c0ef936f52165c17ae5db2e8c6c3d178cb97f0a87feacdeb2b5a2
  Gas usage: 51134
  Block Number: 45
  Block Time: Tue May 16 2023 13:41:29 GMT+0100 (British Summer Time)

eth_getTransactionReceipt
eth_getBlockByNumber
net_version
eth_getBlockByNumber
eth_getBlockByNumber
eth_getBlockByNumber
eth_estimateGas
eth_getBlockByNumber
eth_getBlockByNumber
eth_getBlockByNumber
eth_getBlockByNumber
eth_getBlockByNumber
eth_getBlockByNumber
eth_getBlockByNumber
eth_getBlockByNumber
eth_getBlockByNumber
eth_getBlockByNumber
eth_gasPrice
eth_getBlockByNumber
eth_getBlockByNumber
eth_getBlockByNumber
eth_getBlockByNumber
eth_getBlockByNumber
eth_getBlockByNumber
eth_getBlockByNumber
eth_getBlockByNumber
eth_sendTransaction
eth_getBlockByNumber

  Transaction: 0xe7fc51f9677dd6181f86705dd4ac46a85487d6852129ae5aa2a4e369a66b9f97
  Gas usage: 47443
  Block Number: 46
  Block Time: Tue May 16 2023 13:41:31 GMT+0100 (British Summer Time)

eth_getTransactionReceipt
eth_getBlockByNumber
net_version
eth_getBlockByNumber
eth_getBlockByNumber
eth_getLogs
eth_estimateGas
eth_getBlockByNumber
eth_getBlockByNumber
eth_getBlockByNumber
eth_getBlockByNumber
eth_getBlockByNumber
eth_gasPrice
eth_getCode
eth_getCode
eth_getCode
eth_getCode
eth_sendTransaction
eth_getBlockByNumber
eth_getBlockByNumber
eth_getBlockByNumber
eth_getBlockByNumber
eth_getBlockByNumber
eth_getBlockByNumber
eth_getBlockByNumber
eth_getBlockByNumber

  Transaction: 0x780592930292f7eaf6ba6fb59c294848ede6584e5007ab58d3c62c1bc5696695
  Gas usage: 23313
  Block Number: 47
  Block Time: Tue May 16 2023 13:41:31 GMT+0100 (British Summer Time)
  Runtime Error: revert
  Revert reason: tx already executed

eth_blockNumber
net_version
eth_accounts
eth_accounts
evm_snapshot
Saved snapshot #7
eth_blockNumber
net_version
eth_getBlockByNumber
eth_estimateGas
eth_getBlockByNumber
eth_gasPrice
eth_sendTransaction

  Transaction: 0x04ac7c33baee0a9a8421928d24d108883396b96421e670ddf6828c9fb17f76c0
  Contract created: 0x1c737f23b4183cd2b70adb04313f92c28dfd6603
  Gas usage: 2379177
  Block Number: 48
  Block Time: Tue May 16 2023 13:53:59 GMT+0100 (British Summer Time)

eth_getTransactionReceipt
eth_getCode
net_version
eth_getBlockByNumber
eth_estimateGas
eth_getBlockByNumber
eth_getBlockByNumber
eth_gasPrice
eth_getBlockByNumber
eth_getBlockByNumber
eth_sendTransaction
eth_getBlockByNumber

  Transaction: 0xc99f1d3b69cdc0985c61d3ca2d4e5515a870aa7a500eb80818e6cde05820c903
  Gas usage: 105687
  Block Number: 49
  Block Time: Tue May 16 2023 13:54:01 GMT+0100 (British Summer Time)

eth_getTransactionReceipt
net_version
eth_getBlockByNumber
eth_getBlockByNumber
eth_estimateGas
eth_getBlockByNumber
eth_getBlockByNumber
eth_gasPrice
eth_getBlockByNumber
eth_sendTransaction
eth_getBlockByNumber

  Transaction: 0x851852eb0deb6ab8031411a29818de9173a9064f70e41335a26d06394132efc2
  Gas usage: 66134
  Block Number: 50
  Block Time: Tue May 16 2023 13:54:02 GMT+0100 (British Summer Time)

eth_getTransactionReceipt
net_version
eth_getBlockByNumber
eth_getBlockByNumber
eth_getBlockByNumber
eth_estimateGas
eth_getBlockByNumber
eth_getBlockByNumber
eth_getBlockByNumber
eth_gasPrice
eth_sendTransaction
eth_getBlockByNumber

  Transaction: 0xb40930b23d1bcc0a6bd5402b636d079cf97cb29b0087b89469a697315cbb4c09
  Gas usage: 51134
  Block Number: 51
  Block Time: Tue May 16 2023 13:54:04 GMT+0100 (British Summer Time)

eth_getTransactionReceipt
eth_getBlockByNumber
net_version
eth_getBlockByNumber
eth_estimateGas
eth_getBlockByNumber
eth_getBlockByNumber
eth_getBlockByNumber
eth_gasPrice
eth_getBlockByNumber
eth_getBlockByNumber
eth_sendTransaction

  Transaction: 0xc697e3bdeeed4221043a579ffc17c93f26ce7eda56f74727186fa2b22ba0b1a5
  Gas usage: 47443
  Block Number: 52
  Block Time: Tue May 16 2023 13:54:05 GMT+0100 (British Summer Time)

eth_getTransactionReceipt
eth_getBlockByNumber
eth_getBlockByNumber
eth_getBlockByNumber
eth_getBlockByNumber
eth_getBlockByNumber
eth_getLogs
eth_getBlockByNumber
eth_getBlockByNumber
eth_getBlockByNumber
eth_getBlockByNumber
eth_getCode
eth_getCode
eth_getCode
eth_getCode
eth_blockNumber
net_version
eth_getBlockByNumber
eth_getBlockByNumber
eth_getBlockByNumber
eth_getBlockByNumber
eth_getBlockByNumber
eth_getBlockByNumber
eth_getBlockByNumber
eth_getBlockByNumber
eth_getBlockByNumber
eth_getBlockByNumber
eth_getBlockByNumber
eth_estimateGas
eth_getBlockByNumber
eth_gasPrice
eth_sendTransaction

  Transaction: 0x7b53ab0045598ace8921bbf88c9b95cb3f29453e29306d0826895e36253e868a
  Contract created: 0x2fca2a6fed9c7b96a345123c2054c28c24c51b72
  Gas usage: 2379177
  Block Number: 53
  Block Time: Tue May 16 2023 13:54:07 GMT+0100 (British Summer Time)

eth_getTransactionReceipt
eth_getBlockByNumber
eth_getBlockByNumber
eth_getBlockByNumber
eth_getBlockByNumber
eth_getBlockByNumber
eth_getCode
eth_getBlockByNumber
eth_getBlockByNumber
eth_getBlockByNumber
eth_getBlockByNumber
eth_getBlockByNumber
net_version
eth_getBlockByNumber
eth_estimateGas
eth_getBlockByNumber
eth_gasPrice
eth_getBlockByNumber
eth_getBlockByNumber
eth_getBlockByNumber
eth_getBlockByNumber
eth_getBlockByNumber
eth_getBlockByNumber
eth_sendTransaction
eth_getBlockByNumber
eth_getBlockByNumber
eth_getBlockByNumber
eth_getBlockByNumber
eth_getBlockByNumber
eth_getBlockByNumber

  Transaction: 0xaee189ea4cc47ef6be5a8146f6f5e440139fdacaa6fb9e52cec8bec9879d5f27
  Gas usage: 105687
  Block Number: 54
  Block Time: Tue May 16 2023 13:54:08 GMT+0100 (British Summer Time)

eth_getTransactionReceipt
net_version
eth_getBlockByNumber
eth_getBlockByNumber
eth_getBlockByNumber
eth_getBlockByNumber
eth_getBlockByNumber
eth_getBlockByNumber
eth_getBlockByNumber
eth_getBlockByNumber
eth_getBlockByNumber
eth_getBlockByNumber
eth_getBlockByNumber
eth_getBlockByNumber
eth_getBlockByNumber
eth_estimateGas
eth_getBlockByNumber
eth_gasPrice
eth_getBlockByNumber
eth_sendTransaction
eth_getBlockByNumber

  Transaction: 0xfbe47eba88ca7d5ee380e5bf1755eb165b167dfd3fa649051c2d47a78cf31d75
  Gas usage: 66134
  Block Number: 55
  Block Time: Tue May 16 2023 13:54:10 GMT+0100 (British Summer Time)

eth_getTransactionReceipt
net_version
eth_getBlockByNumber
eth_estimateGas
eth_getBlockByNumber
eth_getBlockByNumber
eth_getBlockByNumber
eth_getBlockByNumber
eth_getBlockByNumber
eth_getBlockByNumber
eth_getBlockByNumber
eth_gasPrice
eth_getBlockByNumber
eth_getBlockByNumber
eth_getBlockByNumber
eth_getBlockByNumber
eth_getBlockByNumber
eth_getBlockByNumber
eth_sendTransaction
eth_getBlockByNumber

  Transaction: 0xdb5cfbade5ffef097db9c473e68748252157cb197e8aba12cdaac51a36a825c4
  Gas usage: 51134
  Block Number: 56
  Block Time: Tue May 16 2023 13:54:11 GMT+0100 (British Summer Time)

eth_getTransactionReceipt
eth_getBlockByNumber
eth_getBlockByNumber
net_version
eth_getBlockByNumber
eth_getBlockByNumber
eth_estimateGas
eth_getBlockByNumber
eth_gasPrice
eth_getBlockByNumber
eth_getBlockByNumber
eth_getBlockByNumber
eth_getBlockByNumber
eth_getBlockByNumber
eth_getBlockByNumber
eth_sendTransaction
eth_getBlockByNumber
eth_getBlockByNumber
eth_getBlockByNumber
eth_getBlockByNumber
eth_getBlockByNumber
eth_getBlockByNumber

  Transaction: 0x5d5fa584b346b762ec0d0dd5fe32319548ffc39387ced792bc5d3bc096cb3700
  Gas usage: 47443
  Block Number: 57
  Block Time: Tue May 16 2023 13:54:11 GMT+0100 (British Summer Time)

eth_getTransactionReceipt
eth_getBlockByNumber
eth_getBlockByNumber
net_version
eth_getBlockByNumber
eth_getBlockByNumber
eth_getBlockByNumber
eth_getBlockByNumber
eth_getBlockByNumber
eth_getBlockByNumber
eth_getLogs
eth_estimateGas
eth_getBlockByNumber
eth_getBlockByNumber
eth_getBlockByNumber
eth_getBlockByNumber
eth_getBlockByNumber
eth_gasPrice
eth_getCode
eth_getCode
eth_getCode
eth_getCode
eth_sendTransaction
eth_getBlockByNumber
eth_getBlockByNumber
eth_getBlockByNumber
eth_getBlockByNumber
eth_getBlockByNumber
eth_getBlockByNumber

  Transaction: 0x17c57de17fd0b5d7ea1c1a12842125b29d9aa0e3d34c1c8d03c82fdb20fb2196
  Gas usage: 23313
  Block Number: 58
  Block Time: Tue May 16 2023 13:54:12 GMT+0100 (British Summer Time)
  Runtime Error: revert
  Revert reason: tx already executed

eth_blockNumber
net_version
eth_accounts
eth_accounts
evm_snapshot
Saved snapshot #8
eth_blockNumber
net_version
eth_getBlockByNumber
eth_estimateGas
eth_getBlockByNumber
eth_gasPrice
eth_sendTransaction

  Transaction: 0x7e892c2b0a701f3e9d74fe3c77abb0ccac5701ae3f96871d3ce72e8c6d740b9b
  Contract created: 0x31b2efb2b819417096adace235965c4d7d4a52e7
  Gas usage: 2379177
  Block Number: 59
  Block Time: Tue May 16 2023 13:55:17 GMT+0100 (British Summer Time)

eth_getTransactionReceipt
eth_getCode
net_version
eth_getBlockByNumber
eth_getBlockByNumber
eth_estimateGas
eth_getBlockByNumber
eth_getBlockByNumber
eth_gasPrice
eth_sendTransaction

  Transaction: 0x4450651f012df4199dbdf13606b288df62ff65d427674201c75a166588c0d2e6
  Gas usage: 105687
  Block Number: 60
  Block Time: Tue May 16 2023 13:55:19 GMT+0100 (British Summer Time)

eth_getTransactionReceipt
net_version
eth_getBlockByNumber
eth_getBlockByNumber
eth_getBlockByNumber
eth_estimateGas
eth_getBlockByNumber
eth_gasPrice
eth_getBlockByNumber
eth_getBlockByNumber
eth_sendTransaction
eth_getBlockByNumber
eth_getBlockByNumber

  Transaction: 0x87842e8ece91c521cc26bf986fdbf971fed59b4c7ff2f56f859e7d76b0cf601f
  Gas usage: 66134
  Block Number: 61
  Block Time: Tue May 16 2023 13:55:21 GMT+0100 (British Summer Time)

eth_getTransactionReceipt
net_version
eth_getBlockByNumber
eth_getBlockByNumber
eth_getBlockByNumber
eth_estimateGas
eth_getBlockByNumber
eth_getBlockByNumber
eth_getBlockByNumber
eth_gasPrice
eth_getBlockByNumber
eth_sendTransaction
eth_getBlockByNumber
eth_getBlockByNumber
eth_getBlockByNumber

  Transaction: 0xe1610a088e90cf3b682815fff4267a95a5364f6d613a012dfbea7caa0bf5f979
  Gas usage: 51134
  Block Number: 62
  Block Time: Tue May 16 2023 13:55:23 GMT+0100 (British Summer Time)

eth_getTransactionReceipt
eth_getBlockByNumber
eth_getBlockByNumber
eth_getBlockByNumber
net_version
eth_getBlockByNumber
eth_getBlockByNumber
eth_estimateGas
eth_getBlockByNumber
eth_gasPrice
eth_getBlockByNumber
eth_getBlockByNumber
eth_sendTransaction
eth_getBlockByNumber
eth_getBlockByNumber

  Transaction: 0xcee6bcfc8d9a47b22463cc4fe2c79892034df96ecbeecf02ac0c7debd17d4edb
  Gas usage: 47443
  Block Number: 63
  Block Time: Tue May 16 2023 13:55:24 GMT+0100 (British Summer Time)

eth_getTransactionReceipt
eth_call
eth_blockNumber
net_version
eth_getBlockByNumber
eth_getBlockByNumber
eth_getBlockByNumber
eth_getBlockByNumber
eth_getBlockByNumber
eth_getBlockByNumber
eth_getBlockByNumber
eth_getBlockByNumber
eth_getBlockByNumber
eth_getBlockByNumber
eth_getBlockByNumber
eth_estimateGas
eth_getBlockByNumber
eth_getBlockByNumber
eth_getBlockByNumber
eth_gasPrice
eth_getBlockByNumber
eth_getBlockByNumber
eth_sendTransaction
eth_getBlockByNumber
eth_getBlockByNumber
eth_getBlockByNumber

  Transaction: 0xb2d83fad8601c88c1ae97c2b3054c9e0fa71f33d4b573c86d3a855fc0c89047d
  Contract created: 0xd271546d7535466aaaf14066faab694b857ffb2b
  Gas usage: 2379177
  Block Number: 64
  Block Time: Tue May 16 2023 13:55:26 GMT+0100 (British Summer Time)

eth_getTransactionReceipt
eth_getBlockByNumber
eth_getBlockByNumber
eth_getBlockByNumber
eth_getCode
net_version
eth_getBlockByNumber
eth_getBlockByNumber
eth_getBlockByNumber
eth_getBlockByNumber
eth_getBlockByNumber
eth_estimateGas
eth_getBlockByNumber
eth_gasPrice
eth_getBlockByNumber
eth_getBlockByNumber
eth_getBlockByNumber
eth_getBlockByNumber
eth_sendTransaction
eth_getBlockByNumber
eth_getBlockByNumber
eth_getBlockByNumber
eth_getBlockByNumber

  Transaction: 0x633539cae6fe11a7c34273d20c424754399414c0bae89464fb2d6dd5c4ed68e4
  Gas usage: 105687
  Block Number: 65
  Block Time: Tue May 16 2023 13:55:27 GMT+0100 (British Summer Time)

eth_getTransactionReceipt
net_version
eth_getBlockByNumber
eth_getBlockByNumber
eth_getBlockByNumber
eth_estimateGas
eth_getBlockByNumber
eth_getBlockByNumber
eth_getBlockByNumber
eth_gasPrice
eth_sendTransaction

  Transaction: 0x5d6dd204414aa7d0dfd63452c313c9655e732ee35469af7963e08b269b9a663c
  Gas usage: 66134
  Block Number: 66
  Block Time: Tue May 16 2023 13:55:28 GMT+0100 (British Summer Time)

eth_getTransactionReceipt
eth_getBlockByNumber
eth_getBlockByNumber
eth_getBlockByNumber
eth_getBlockByNumber
eth_getBlockByNumber
net_version
eth_getBlockByNumber
eth_getBlockByNumber
eth_getBlockByNumber
eth_getBlockByNumber
eth_getBlockByNumber
eth_getBlockByNumber
eth_estimateGas
eth_getBlockByNumber
eth_gasPrice
eth_getBlockByNumber
eth_getBlockByNumber
eth_sendTransaction
eth_getBlockByNumber
eth_getBlockByNumber

  Transaction: 0x8545b4896b9293094b5bab699e77b5fbd4ea13c65222be81241abe21c2efcae9
  Gas usage: 51134
  Block Number: 67
  Block Time: Tue May 16 2023 13:55:29 GMT+0100 (British Summer Time)

eth_getTransactionReceipt
net_version
eth_getBlockByNumber
eth_estimateGas
eth_getBlockByNumber
eth_getBlockByNumber
eth_getBlockByNumber
eth_getBlockByNumber
eth_getBlockByNumber
eth_getBlockByNumber
eth_getBlockByNumber
eth_gasPrice
eth_getBlockByNumber
eth_getBlockByNumber
eth_getBlockByNumber
eth_getBlockByNumber
eth_getBlockByNumber
eth_getBlockByNumber
eth_sendTransaction

  Transaction: 0xd81a71ac91b52b84c581645d11a2c36037b9f01b4688e2af84d15accdd199abb
  Gas usage: 47443
  Block Number: 68
  Block Time: Tue May 16 2023 13:55:30 GMT+0100 (British Summer Time)

eth_getTransactionReceipt
net_version
eth_getBlockByNumber
eth_getBlockByNumber
eth_getBlockByNumber
eth_getBlockByNumber
eth_getBlockByNumber
eth_getBlockByNumber
eth_getBlockByNumber
eth_getBlockByNumber
eth_getLogs
eth_estimateGas
eth_getBlockByNumber
eth_getBlockByNumber
eth_getBlockByNumber
eth_getBlockByNumber
eth_getBlockByNumber
eth_gasPrice
eth_getCode
eth_getCode
eth_getCode
eth_getCode
eth_sendTransaction

  Transaction: 0x0df32b1d494ff590f40debfe5ef1316224af649d8b5a5a402aa35e66e9f375aa
  Gas usage: 23313
  Block Number: 69
  Block Time: Tue May 16 2023 13:55:30 GMT+0100 (British Summer Time)
  Runtime Error: revert
  Revert reason: tx already executed

eth_blockNumber
net_version
eth_accounts
eth_accounts
evm_snapshot
Saved snapshot #9
eth_blockNumber
net_version
eth_getBlockByNumber
eth_estimateGas
eth_getBlockByNumber
eth_gasPrice
eth_sendTransaction

  Transaction: 0x4a507b5c2dfedf68c874623c376766c98b440dae0c387851830671dd728e711b
  Contract created: 0x44836579e41115e4948d8c05827882c6feefefb7
  Gas usage: 2379177
  Block Number: 70
  Block Time: Tue May 16 2023 14:20:22 GMT+0100 (British Summer Time)

eth_getTransactionReceipt
eth_getCode
net_version
eth_getBlockByNumber
eth_estimateGas
eth_getBlockByNumber
eth_getBlockByNumber
eth_gasPrice
eth_getBlockByNumber
eth_getBlockByNumber
eth_sendTransaction
eth_getBlockByNumber

  Transaction: 0xd2e34d4aba9e180cf7fe424878d1d9ede1f7f51daf7625bffd6bd2bc87383baf
  Gas usage: 105687
  Block Number: 71
  Block Time: Tue May 16 2023 14:20:25 GMT+0100 (British Summer Time)

eth_getTransactionReceipt
net_version
eth_getBlockByNumber
eth_getBlockByNumber
eth_estimateGas
eth_getBlockByNumber
eth_getBlockByNumber
eth_getBlockByNumber
eth_gasPrice
eth_getBlockByNumber
eth_sendTransaction

  Transaction: 0xcbf2c3470079c231e4006bf2117b4fc4a5f562becbdc56f62afd6ead487ccfc9
  Gas usage: 66134
  Block Number: 72
  Block Time: Tue May 16 2023 14:20:27 GMT+0100 (British Summer Time)

eth_getTransactionReceipt
net_version
eth_getBlockByNumber
eth_getBlockByNumber
eth_getBlockByNumber
eth_getBlockByNumber
eth_estimateGas
eth_getBlockByNumber
eth_getBlockByNumber
eth_gasPrice
eth_getBlockByNumber
eth_getBlockByNumber
eth_sendTransaction
eth_getBlockByNumber
eth_getBlockByNumber

  Transaction: 0x1f041f2893403bc9c1ef404c2078ba356d6012d2133508861f7f3e673cadbb04
  Gas usage: 51134
  Block Number: 73
  Block Time: Tue May 16 2023 14:20:29 GMT+0100 (British Summer Time)

eth_getTransactionReceipt
net_version
eth_getBlockByNumber
eth_getBlockByNumber
eth_getBlockByNumber
eth_estimateGas
eth_getBlockByNumber
eth_gasPrice
eth_getBlockByNumber
eth_getBlockByNumber
eth_sendTransaction
eth_getBlockByNumber
eth_getBlockByNumber
eth_getBlockByNumber

  Transaction: 0x97f18968e82d2efc4f29811f4aaefd5e832a8fda05aabc2bb7aa43600b15aa9c
  Gas usage: 47443
  Block Number: 74
  Block Time: Tue May 16 2023 14:20:30 GMT+0100 (British Summer Time)

eth_getTransactionReceipt
eth_getBlockByNumber
eth_getBlockByNumber
eth_call
eth_getBlockByNumber
eth_blockNumber
net_version
eth_getBlockByNumber
eth_getBlockByNumber
eth_getBlockByNumber
eth_getBlockByNumber
eth_getBlockByNumber
eth_estimateGas
eth_getBlockByNumber
eth_gasPrice
eth_getBlockByNumber
eth_sendTransaction
eth_getBlockByNumber

  Transaction: 0x18b837313f0b300933719efadc1619a27ecca91c7d89b3d7d0b82aba8e6aa836
  Contract created: 0x32721e6af7d308d86c7984dddb5e32bea4b079d9
  Gas usage: 2379177
  Block Number: 75
  Block Time: Tue May 16 2023 14:20:31 GMT+0100 (British Summer Time)

eth_getTransactionReceipt
eth_getCode
eth_getBlockByNumber
eth_getBlockByNumber
net_version
eth_getBlockByNumber
eth_getBlockByNumber
eth_getBlockByNumber
eth_estimateGas
eth_getBlockByNumber
eth_gasPrice
eth_sendTransaction
eth_getBlockByNumber
eth_getBlockByNumber

  Transaction: 0xe7c3eb910bd7839db3d8fd61d1519fec8fe2798bd8942744efc29e62288ec765
  Gas usage: 105687
  Block Number: 76
  Block Time: Tue May 16 2023 14:20:32 GMT+0100 (British Summer Time)

eth_getTransactionReceipt
eth_getBlockByNumber
eth_getBlockByNumber
net_version
eth_getBlockByNumber
eth_getBlockByNumber
eth_getBlockByNumber
eth_getBlockByNumber
eth_getBlockByNumber
eth_estimateGas
eth_getBlockByNumber
eth_gasPrice
eth_getBlockByNumber
eth_sendTransaction
eth_getBlockByNumber
eth_getBlockByNumber

  Transaction: 0xcbd257fb346404f2a2117da000030bba80f29a69d252a6af9d92625dae3c0c55
  Gas usage: 66134
  Block Number: 77
  Block Time: Tue May 16 2023 14:20:33 GMT+0100 (British Summer Time)

eth_getTransactionReceipt
eth_getBlockByNumber
net_version
eth_getBlockByNumber
eth_estimateGas
eth_getBlockByNumber
eth_getBlockByNumber
eth_getBlockByNumber
eth_getBlockByNumber
eth_getBlockByNumber
eth_gasPrice
eth_getBlockByNumber
eth_getBlockByNumber
eth_getBlockByNumber
eth_getBlockByNumber
eth_getBlockByNumber
eth_getBlockByNumber
eth_getBlockByNumber
eth_sendTransaction
eth_getBlockByNumber
eth_getBlockByNumber
eth_getBlockByNumber
eth_getBlockByNumber

  Transaction: 0x02b2e962e5a40d332ecdcb0f3cd58d5381afe11f8a789d150a264cf1b297dc34
  Gas usage: 51134
  Block Number: 78
  Block Time: Tue May 16 2023 14:20:34 GMT+0100 (British Summer Time)

eth_getTransactionReceipt
eth_getBlockByNumber
net_version
eth_getBlockByNumber
eth_getBlockByNumber
eth_getBlockByNumber
eth_getBlockByNumber
eth_getBlockByNumber
eth_estimateGas
eth_getBlockByNumber
eth_getBlockByNumber
eth_getBlockByNumber
eth_getBlockByNumber
eth_getBlockByNumber
eth_getBlockByNumber
eth_getBlockByNumber
eth_getBlockByNumber
eth_getBlockByNumber
eth_getBlockByNumber
eth_gasPrice
eth_getBlockByNumber
eth_getBlockByNumber
eth_getBlockByNumber
eth_getBlockByNumber
eth_getBlockByNumber
eth_sendTransaction

  Transaction: 0x87d62ace70f41e9b41a82d0a022ab991ebea2184c3ff47853373b5d545b7f0f1
  Gas usage: 47443
  Block Number: 79
  Block Time: Tue May 16 2023 14:20:35 GMT+0100 (British Summer Time)

eth_getTransactionReceipt
net_version
eth_getBlockByNumber
eth_getBlockByNumber
eth_getBlockByNumber
eth_getBlockByNumber
eth_getBlockByNumber
eth_getBlockByNumber
eth_getBlockByNumber
eth_getBlockByNumber
eth_getBlockByNumber
eth_getBlockByNumber
eth_getBlockByNumber
eth_getBlockByNumber
eth_getBlockByNumber
eth_getBlockByNumber
eth_estimateGas
eth_getBlockByNumber
eth_getBlockByNumber
eth_getBlockByNumber
eth_getBlockByNumber
eth_getBlockByNumber
eth_getBlockByNumber
eth_gasPrice
eth_getBlockByNumber
eth_getBlockByNumber
eth_getBlockByNumber
eth_getBlockByNumber
eth_getBlockByNumber
eth_sendTransaction
eth_getBlockByNumber
eth_getBlockByNumber
eth_getBlockByNumber
eth_getBlockByNumber
eth_getBlockByNumber

  Transaction: 0x668ed689daa24b7fc9a3aeeb20e335a25141103155c5e61103e3ddd7e2d14d8d
  Gas usage: 23313
  Block Number: 80
  Block Time: Tue May 16 2023 14:20:37 GMT+0100 (British Summer Time)
  Runtime Error: revert
  Revert reason: tx already executed

eth_call
eth_getBlockByNumber
eth_getBlockByNumber
eth_getBlockByNumber
eth_getBlockByNumber
eth_getBlockByNumber
net_version
eth_getBlockByNumber
eth_getBlockByNumber
eth_getBlockByNumber
eth_getBlockByNumber
eth_getBlockByNumber
eth_getBlockByNumber
eth_getBlockByNumber
eth_getBlockByNumber
eth_getBlockByNumber
eth_getBlockByNumber
eth_getBlockByNumber
eth_getBlockByNumber
eth_getBlockByNumber
eth_getBlockByNumber
eth_getBlockByNumber
eth_getBlockByNumber
eth_getBlockByNumber
eth_getLogs
eth_estimateGas
eth_getBlockByNumber
eth_getBlockByNumber
eth_getBlockByNumber
eth_getBlockByNumber
eth_getBlockByNumber
eth_gasPrice
eth_getCode
eth_getCode
eth_getCode
eth_getCode
eth_sendTransaction
eth_getBlockByNumber
eth_getBlockByNumber
eth_getBlockByNumber
eth_getBlockByNumber
eth_getBlockByNumber

  Transaction: 0xac3ac815c44faaef0cdefad172ebef09d2740d7112e3414f8339bd743c4ae20b
  Gas usage: 23313
  Block Number: 81
  Block Time: Tue May 16 2023 14:20:38 GMT+0100 (British Summer Time)
  Runtime Error: revert
  Revert reason: tx already executed

eth_blockNumber
net_version
eth_accounts
eth_accounts
evm_snapshot
Saved snapshot #10
eth_blockNumber
net_version
eth_getBlockByNumber
eth_estimateGas
eth_getBlockByNumber
eth_gasPrice
eth_sendTransaction

  Transaction: 0x72dc5e5afe9a1188b988d2ab57191eda0e441f38d01ffe5f224df56d1a7d137e
  Contract created: 0xa0b13ef2befc6b872668c658627f47a27b40e1d5
  Gas usage: 2379177
  Block Number: 82
  Block Time: Tue May 16 2023 14:30:38 GMT+0100 (British Summer Time)

eth_getTransactionReceipt
eth_getCode
net_version
eth_getBlockByNumber
eth_getBlockByNumber
eth_estimateGas
eth_getBlockByNumber
eth_getBlockByNumber
eth_gasPrice
eth_getBlockByNumber
eth_sendTransaction
eth_getBlockByNumber

  Transaction: 0xca4ce107305129ebd8c172bf8664ad151a72708aedbe3e491ab8957383cb194f
  Gas usage: 105687
  Block Number: 83
  Block Time: Tue May 16 2023 14:30:40 GMT+0100 (British Summer Time)

eth_getTransactionReceipt
net_version
eth_getBlockByNumber
eth_getBlockByNumber
eth_getBlockByNumber
eth_estimateGas
eth_getBlockByNumber
eth_getBlockByNumber
eth_getBlockByNumber
eth_gasPrice
eth_getBlockByNumber
eth_sendTransaction
eth_getBlockByNumber
eth_getBlockByNumber

  Transaction: 0xbdb7cbe95e84c0a2dcffca65ee97b896c4a01e25f890a33aa572182c1119ed76
  Gas usage: 66134
  Block Number: 84
  Block Time: Tue May 16 2023 14:30:43 GMT+0100 (British Summer Time)

eth_getTransactionReceipt
eth_getBlockByNumber
net_version
eth_getBlockByNumber
eth_getBlockByNumber
eth_estimateGas
eth_getBlockByNumber
eth_getBlockByNumber
eth_gasPrice
eth_getBlockByNumber
eth_getBlockByNumber
eth_sendTransaction
eth_getBlockByNumber
eth_getBlockByNumber

  Transaction: 0x6ae557205153a5755ab9e45d9a0efbb1fc8b5a1c891319ffaa3333a45465f4fa
  Gas usage: 51134
  Block Number: 85
  Block Time: Tue May 16 2023 14:30:45 GMT+0100 (British Summer Time)

eth_getTransactionReceipt
net_version
eth_getBlockByNumber
eth_getBlockByNumber
eth_getBlockByNumber
eth_getBlockByNumber
eth_getBlockByNumber
eth_getBlockByNumber
eth_estimateGas
eth_getBlockByNumber
eth_getBlockByNumber
eth_getBlockByNumber
eth_getBlockByNumber
eth_gasPrice
eth_getBlockByNumber
eth_getBlockByNumber
eth_getBlockByNumber
eth_getBlockByNumber
eth_sendTransaction
eth_getBlockByNumber
eth_getBlockByNumber
eth_getBlockByNumber
eth_getBlockByNumber

  Transaction: 0xc33d77d4807ee2bfcc53c20f448bab7f86b03681d98998dd8e0078bd4dc32de9
  Gas usage: 47443
  Block Number: 86
  Block Time: Tue May 16 2023 14:30:47 GMT+0100 (British Summer Time)

eth_getTransactionReceipt
eth_call
eth_getBlockByNumber
eth_blockNumber
eth_getBlockByNumber
net_version
eth_getBlockByNumber
eth_getBlockByNumber
eth_getBlockByNumber
eth_getBlockByNumber
eth_getBlockByNumber
eth_getBlockByNumber
eth_getBlockByNumber
eth_getBlockByNumber
eth_getBlockByNumber
eth_estimateGas
eth_getBlockByNumber
eth_getBlockByNumber
eth_getBlockByNumber
eth_gasPrice
eth_sendTransaction

  Transaction: 0x1b28a5fa086bef7b3449e403de4295c4d996c1886df1c8d18d1a7b048530ee4d
  Contract created: 0x3d871fb7c96ebf8cf66488e4fe7c6cf868ecab60
  Gas usage: 2379177
  Block Number: 87
  Block Time: Tue May 16 2023 14:30:49 GMT+0100 (British Summer Time)

eth_getTransactionReceipt
eth_getBlockByNumber
eth_getBlockByNumber
eth_getBlockByNumber
eth_getCode
eth_getBlockByNumber
eth_getBlockByNumber
eth_getBlockByNumber
net_version
eth_getBlockByNumber
eth_estimateGas
eth_getBlockByNumber
eth_getBlockByNumber
eth_getBlockByNumber
eth_getBlockByNumber
eth_getBlockByNumber
eth_getBlockByNumber
eth_getBlockByNumber
eth_gasPrice
eth_getBlockByNumber
eth_getBlockByNumber
eth_getBlockByNumber
eth_getBlockByNumber
eth_getBlockByNumber
eth_getBlockByNumber
eth_sendTransaction

  Transaction: 0x02046b25de6a9bd1e8d49781d020ed712c6c80c6b61e335664ae3aa42e360709
  Gas usage: 105687
  Block Number: 88
  Block Time: Tue May 16 2023 14:30:51 GMT+0100 (British Summer Time)

eth_getTransactionReceipt
eth_getBlockByNumber
eth_getBlockByNumber
net_version
eth_getBlockByNumber
eth_getBlockByNumber
eth_getBlockByNumber
eth_estimateGas
eth_getBlockByNumber
eth_gasPrice
eth_getBlockByNumber
eth_getBlockByNumber
eth_getBlockByNumber
eth_getBlockByNumber
eth_sendTransaction
eth_getBlockByNumber
eth_getBlockByNumber
eth_getBlockByNumber
eth_getBlockByNumber

  Transaction: 0x75e911496631e9c957ce0bb588a2a227072ca2683db952e7e9864039eb8be419
  Gas usage: 66134
  Block Number: 89
  Block Time: Tue May 16 2023 14:30:52 GMT+0100 (British Summer Time)

eth_getTransactionReceipt
net_version
eth_getBlockByNumber
eth_getBlockByNumber
eth_getBlockByNumber
eth_getBlockByNumber
eth_estimateGas
eth_getBlockByNumber
eth_getBlockByNumber
eth_getBlockByNumber
eth_getBlockByNumber
eth_getBlockByNumber
eth_getBlockByNumber
eth_getBlockByNumber
eth_getBlockByNumber
eth_getBlockByNumber
eth_gasPrice
eth_getBlockByNumber
eth_getBlockByNumber
eth_getBlockByNumber
eth_getBlockByNumber
eth_getBlockByNumber
eth_sendTransaction

  Transaction: 0x335c654d1455263a629e90783260e3a8ea9079addb9062bd16adf6b86f696584
  Gas usage: 51134
  Block Number: 90
  Block Time: Tue May 16 2023 14:30:53 GMT+0100 (British Summer Time)

eth_getTransactionReceipt
eth_getBlockByNumber
eth_getBlockByNumber
eth_getBlockByNumber
net_version
eth_getBlockByNumber
eth_getBlockByNumber
eth_getBlockByNumber
eth_getBlockByNumber
eth_estimateGas
eth_getBlockByNumber
eth_getBlockByNumber
eth_getBlockByNumber
eth_getBlockByNumber
eth_getBlockByNumber
eth_getBlockByNumber
eth_gasPrice
eth_getBlockByNumber
eth_getBlockByNumber
eth_getBlockByNumber
eth_getBlockByNumber
eth_getBlockByNumber
eth_sendTransaction

  Transaction: 0xe331bc91f1f661bce0bf2759b61c4e440f05f1f30ad532ad84ab29b20b997e28
  Gas usage: 47443
  Block Number: 91
  Block Time: Tue May 16 2023 14:30:54 GMT+0100 (British Summer Time)

eth_getTransactionReceipt
eth_getBlockByNumber
eth_getBlockByNumber
eth_getBlockByNumber
eth_getBlockByNumber
net_version
eth_getBlockByNumber
eth_getBlockByNumber
eth_getBlockByNumber
eth_getBlockByNumber
eth_getBlockByNumber
eth_estimateGas
eth_getBlockByNumber
eth_gasPrice
eth_getBlockByNumber
eth_getBlockByNumber
eth_getBlockByNumber
eth_getBlockByNumber
eth_getBlockByNumber
eth_sendTransaction
eth_getBlockByNumber
eth_getBlockByNumber
eth_getBlockByNumber
eth_getBlockByNumber
eth_getBlockByNumber

  Transaction: 0x15051a3f3b68625d68998c29f2d9cb371f3b60355d5d3dc2243ac7e4a26080fa
  Gas usage: 23313
  Block Number: 92
  Block Time: Tue May 16 2023 14:30:55 GMT+0100 (British Summer Time)
  Runtime Error: revert
  Revert reason: tx already executed

eth_call
net_version
eth_getBlockByNumber
eth_getBlockByNumber
eth_getLogs
eth_estimateGas
eth_getBlockByNumber
eth_getBlockByNumber
eth_getBlockByNumber
eth_getBlockByNumber
eth_getBlockByNumber
eth_getBlockByNumber
eth_getBlockByNumber
eth_getBlockByNumber
eth_getBlockByNumber
eth_getBlockByNumber
eth_gasPrice
eth_getBlockByNumber
eth_getBlockByNumber
eth_getBlockByNumber
eth_getBlockByNumber
eth_getBlockByNumber
eth_getCode
eth_getCode
eth_getCode
eth_getCode
eth_sendTransaction

  Transaction: 0x8d519eb7bb814917524b5d9a8d5042046c67efd6f04422a2349958cd290e97d8
  Gas usage: 23313
  Block Number: 93
  Block Time: Tue May 16 2023 14:30:56 GMT+0100 (British Summer Time)
  Runtime Error: revert
  Revert reason: tx already executed

eth_blockNumber
net_version
eth_accounts
eth_accounts
eth_blockNumber
net_version
eth_accounts
eth_accounts
evm_snapshot
Saved snapshot #11
eth_blockNumber
net_version
eth_getBlockByNumber
eth_estimateGas
eth_getBlockByNumber
eth_gasPrice
eth_sendTransaction

  Transaction: 0xb09662debbb612df97fd2194e4988d99ea534982d0754ac3dcac7b1331f0ea7c
  Contract created: 0xfef85ed76dfd82cd0c4055aaa80b44347f06c30f
  Gas usage: 2379177
  Block Number: 94
  Block Time: Tue May 16 2023 14:45:38 GMT+0100 (British Summer Time)

eth_getTransactionReceipt
eth_getCode
net_version
eth_getBlockByNumber
eth_getBlockByNumber
eth_estimateGas
eth_getBlockByNumber
eth_getBlockByNumber
eth_gasPrice
eth_getBlockByNumber
eth_sendTransaction
eth_getBlockByNumber

  Transaction: 0xe520f476100f9ab6c6cf327fecd15464f99b108f6fd9cab858c49361b926fea0
  Gas usage: 105687
  Block Number: 95
  Block Time: Tue May 16 2023 14:45:41 GMT+0100 (British Summer Time)

eth_getTransactionReceipt
net_version
eth_getBlockByNumber
eth_estimateGas
eth_getBlockByNumber
eth_getBlockByNumber
eth_getBlockByNumber
eth_gasPrice
eth_getBlockByNumber
eth_getBlockByNumber
eth_sendTransaction

  Transaction: 0xdc325c4892e9b08ae94b2525bb0917edd90a23bdb87de05df91bd05b690dd2d1
  Gas usage: 66134
  Block Number: 96
  Block Time: Tue May 16 2023 14:45:42 GMT+0100 (British Summer Time)

eth_getTransactionReceipt
net_version
eth_getBlockByNumber
eth_getBlockByNumber
eth_getBlockByNumber
eth_getBlockByNumber
eth_getBlockByNumber
eth_estimateGas
eth_getBlockByNumber
eth_gasPrice
eth_sendTransaction
eth_getBlockByNumber
eth_getBlockByNumber
eth_getBlockByNumber

  Transaction: 0xfb202620b40da4afa2e3d81b5840ee14561aafd1b127ee4a8f2d194d5d6f2111
  Gas usage: 51134
  Block Number: 97
  Block Time: Tue May 16 2023 14:45:44 GMT+0100 (British Summer Time)

eth_getTransactionReceipt
eth_getBlockByNumber
eth_getBlockByNumber
eth_getBlockByNumber
net_version
eth_getBlockByNumber
eth_estimateGas
eth_getBlockByNumber
eth_gasPrice
eth_sendTransaction
eth_getBlockByNumber
eth_getBlockByNumber
eth_getBlockByNumber
eth_getBlockByNumber

  Transaction: 0x8be6a7f4d478e31f910b2571079e13e4ebecc4b51d479e41e47a35b8c6275dae
  Gas usage: 47443
  Block Number: 98
  Block Time: Tue May 16 2023 14:45:46 GMT+0100 (British Summer Time)

eth_getTransactionReceipt
eth_getBlockByNumber
eth_getBlockByNumber
eth_getBlockByNumber
eth_getBlockByNumber
eth_call
eth_blockNumber
net_version
eth_getBlockByNumber
eth_getBlockByNumber
eth_getBlockByNumber
eth_getBlockByNumber
eth_getBlockByNumber
eth_getBlockByNumber
eth_getBlockByNumber
eth_getBlockByNumber
eth_getBlockByNumber
eth_estimateGas
eth_getBlockByNumber
eth_gasPrice
eth_getBlockByNumber
eth_sendTransaction
eth_getBlockByNumber
eth_getBlockByNumber
eth_getBlockByNumber
eth_getBlockByNumber
eth_getBlockByNumber

  Transaction: 0x4cb55440a89ad5341670ec7708e7ab1294219cac95fafe218e022f921b5a421e
  Contract created: 0x548ffc846d22632ca2647538ada53549d4ec9e34
  Gas usage: 2379177
  Block Number: 99
  Block Time: Tue May 16 2023 14:45:48 GMT+0100 (British Summer Time)

eth_getTransactionReceipt
eth_getBlockByNumber
eth_getBlockByNumber
eth_getBlockByNumber
eth_getBlockByNumber
eth_getBlockByNumber
eth_getCode
eth_getBlockByNumber
net_version
eth_getBlockByNumber
eth_getBlockByNumber
eth_getBlockByNumber
eth_getBlockByNumber
eth_getBlockByNumber
eth_estimateGas
eth_getBlockByNumber
eth_getBlockByNumber
eth_getBlockByNumber
eth_getBlockByNumber
eth_getBlockByNumber
eth_getBlockByNumber
eth_getBlockByNumber
eth_gasPrice
eth_getBlockByNumber
eth_getBlockByNumber
eth_sendTransaction

  Transaction: 0x712fe4dab28c1bbd2c0422ab0de4be7eba1ef1440bde04a0b98dd5252a33275c
  Gas usage: 105687
  Block Number: 100
  Block Time: Tue May 16 2023 14:45:50 GMT+0100 (British Summer Time)

eth_getTransactionReceipt
net_version
eth_getBlockByNumber
eth_getBlockByNumber
eth_getBlockByNumber
eth_getBlockByNumber
eth_getBlockByNumber
eth_getBlockByNumber
eth_getBlockByNumber
eth_getBlockByNumber
eth_getBlockByNumber
eth_estimateGas
eth_getBlockByNumber
eth_gasPrice
eth_getBlockByNumber
eth_getBlockByNumber
eth_sendTransaction
eth_getBlockByNumber
eth_getBlockByNumber

  Transaction: 0x8390a2da55fa7ab4896fc47cb1d8092ef310e0a6c89e404e3b98c1e0f935c3f7
  Gas usage: 66134
  Block Number: 101
  Block Time: Tue May 16 2023 14:45:51 GMT+0100 (British Summer Time)

eth_getTransactionReceipt
net_version
eth_getBlockByNumber
eth_getBlockByNumber
eth_getBlockByNumber
eth_getBlockByNumber
eth_getBlockByNumber
eth_getBlockByNumber
eth_getBlockByNumber
eth_getBlockByNumber
eth_getBlockByNumber
eth_getBlockByNumber
eth_getBlockByNumber
eth_getBlockByNumber
eth_getBlockByNumber
eth_getBlockByNumber
eth_estimateGas
eth_getBlockByNumber
eth_getBlockByNumber
eth_getBlockByNumber
eth_getBlockByNumber
eth_gasPrice
eth_sendTransaction
eth_getBlockByNumber
eth_getBlockByNumber
eth_getBlockByNumber
eth_getBlockByNumber
eth_getBlockByNumber

  Transaction: 0x3121a2d0abd87119e19a6fd568282c28ca957e8ff36fea6fcf94a08c1628bf12
  Gas usage: 51134
  Block Number: 102
  Block Time: Tue May 16 2023 14:45:53 GMT+0100 (British Summer Time)

eth_getTransactionReceipt
eth_getBlockByNumber
eth_getBlockByNumber
eth_getBlockByNumber
eth_getBlockByNumber
eth_getBlockByNumber
eth_getBlockByNumber
eth_getBlockByNumber
eth_getBlockByNumber
net_version
eth_getBlockByNumber
eth_getBlockByNumber
eth_getBlockByNumber
eth_getBlockByNumber
eth_estimateGas
eth_getBlockByNumber
eth_gasPrice
eth_getBlockByNumber
eth_getBlockByNumber
eth_getBlockByNumber
eth_getBlockByNumber
eth_getBlockByNumber
eth_sendTransaction
eth_getBlockByNumber
eth_getBlockByNumber
eth_getBlockByNumber
eth_getBlockByNumber
eth_getBlockByNumber

  Transaction: 0x62194e97013a43d733ecf6cf147bbf5cdab04eb3e52c0f69a399fc9eaf12521b
  Gas usage: 47443
  Block Number: 103
  Block Time: Tue May 16 2023 14:45:54 GMT+0100 (British Summer Time)

eth_getTransactionReceipt
net_version
eth_getBlockByNumber
eth_getBlockByNumber
eth_getBlockByNumber
eth_getBlockByNumber
eth_getBlockByNumber
eth_estimateGas
eth_getBlockByNumber
eth_getBlockByNumber
eth_getBlockByNumber
eth_getBlockByNumber
eth_getBlockByNumber
eth_gasPrice
eth_getBlockByNumber
eth_getBlockByNumber
eth_getBlockByNumber
eth_getBlockByNumber
eth_getBlockByNumber
eth_getBlockByNumber
eth_sendTransaction
eth_getBlockByNumber
eth_getBlockByNumber
eth_getBlockByNumber
eth_getBlockByNumber
eth_getBlockByNumber
eth_getBlockByNumber

  Transaction: 0x52cb8caeff12f3ec43c8a3949daa76face023466dc44d4de8fb035bce33c414b
  Gas usage: 23313
  Block Number: 104
  Block Time: Tue May 16 2023 14:45:56 GMT+0100 (British Summer Time)
  Runtime Error: revert
  Revert reason: tx already executed

eth_call
net_version
eth_getBlockByNumber
eth_getBlockByNumber
eth_getBlockByNumber
eth_getBlockByNumber
eth_getBlockByNumber
eth_getBlockByNumber
eth_getBlockByNumber
eth_getBlockByNumber
eth_getBlockByNumber
eth_getBlockByNumber
eth_getLogs
eth_estimateGas
eth_getBlockByNumber
eth_getBlockByNumber
eth_getBlockByNumber
eth_getBlockByNumber
eth_getBlockByNumber
eth_gasPrice
eth_getCode
eth_getCode
eth_getCode
eth_getCode
eth_sendTransaction

  Transaction: 0xe633359279231ba3a098dedb53636d48afabc266fd2b94f3720834ed490202c6
  Gas usage: 23313
  Block Number: 105
  Block Time: Tue May 16 2023 14:45:56 GMT+0100 (British Summer Time)
  Runtime Error: revert
  Revert reason: tx already executed

eth_blockNumber
net_version
eth_accounts
eth_accounts
evm_snapshot
Saved snapshot #12
eth_blockNumber
net_version
eth_getBlockByNumber
eth_estimateGas
eth_getBlockByNumber
eth_gasPrice
eth_sendTransaction

  Transaction: 0xe99d2a3f9684858aebb98b94f7cac8f31c93967b6c4c927c74e61a4e17e6978f
  Contract created: 0xca9a03b4b89aabd470bf0079e5d50414d633a3e1
  Gas usage: 2379177
  Block Number: 106
  Block Time: Tue May 16 2023 14:47:44 GMT+0100 (British Summer Time)

eth_getTransactionReceipt
eth_getCode
net_version
eth_getBlockByNumber
eth_getBlockByNumber
eth_getBlockByNumber
eth_estimateGas
eth_getBlockByNumber
eth_gasPrice
eth_getBlockByNumber
eth_sendTransaction
eth_getBlockByNumber

  Transaction: 0x39dc49471ef53218ec3bab0e3746252aa4c0467be944ad99b238cc4db89c05da
  Gas usage: 105687
  Block Number: 107
  Block Time: Tue May 16 2023 14:47:47 GMT+0100 (British Summer Time)

eth_getTransactionReceipt
net_version
eth_getBlockByNumber
eth_estimateGas
eth_getBlockByNumber
eth_getBlockByNumber
eth_getBlockByNumber
eth_gasPrice
eth_getBlockByNumber
eth_getBlockByNumber
eth_sendTransaction
eth_getBlockByNumber
eth_getBlockByNumber

  Transaction: 0x885ef9fdcbc759682c136d4ac1891c7eba5111da8b41fb664347dfffa92b2d39
  Gas usage: 66134
  Block Number: 108
  Block Time: Tue May 16 2023 14:47:49 GMT+0100 (British Summer Time)

eth_getTransactionReceipt
eth_getBlockByNumber
eth_getBlockByNumber
net_version
eth_getBlockByNumber
eth_estimateGas
eth_getBlockByNumber
eth_getBlockByNumber
eth_getBlockByNumber
eth_getBlockByNumber
eth_gasPrice
eth_getBlockByNumber
eth_getBlockByNumber
eth_getBlockByNumber
eth_sendTransaction

  Transaction: 0x26f825224f9a2a1da0bc2a04cc983e5ccc0cef2e94ce98dc07d32e97f7f17245
  Gas usage: 51134
  Block Number: 109
  Block Time: Tue May 16 2023 14:47:50 GMT+0100 (British Summer Time)

eth_getTransactionReceipt
net_version
eth_getBlockByNumber
eth_getBlockByNumber
eth_getBlockByNumber
eth_getBlockByNumber
eth_getBlockByNumber
eth_getBlockByNumber
eth_getBlockByNumber
eth_estimateGas
eth_getBlockByNumber
eth_gasPrice
eth_sendTransaction

  Transaction: 0xb78eb5d0aa8d06ec775b16dbbe1797c75a5cf90ced8b844b946d6f731cb4f31b
  Gas usage: 47443
  Block Number: 110
  Block Time: Tue May 16 2023 14:47:52 GMT+0100 (British Summer Time)

eth_getTransactionReceipt
eth_getBlockByNumber
eth_getBlockByNumber
eth_getBlockByNumber
eth_getBlockByNumber
eth_call
eth_getBlockByNumber
eth_getBlockByNumber
eth_getBlockByNumber
eth_getBlockByNumber
eth_blockNumber
net_version
eth_getBlockByNumber
eth_getBlockByNumber
eth_estimateGas
eth_getBlockByNumber
eth_getBlockByNumber
eth_getBlockByNumber
eth_getBlockByNumber
eth_getBlockByNumber
eth_getBlockByNumber
eth_gasPrice
eth_getBlockByNumber
eth_getBlockByNumber
eth_getBlockByNumber
eth_getBlockByNumber
eth_sendTransaction

  Transaction: 0x0d74bf82cffef3a2af36688e4b491f277a9353e75917fd95090f507d5d5ce0e4
  Contract created: 0xdee2156dfb0aae9b634f5a2ab2f7bc35bc0e1407
  Gas usage: 2379177
  Block Number: 111
  Block Time: Tue May 16 2023 14:47:54 GMT+0100 (British Summer Time)

eth_getTransactionReceipt
eth_getCode
eth_getBlockByNumber
net_version
eth_getBlockByNumber
eth_getBlockByNumber
eth_getBlockByNumber
eth_getBlockByNumber
eth_getBlockByNumber
eth_getBlockByNumber
eth_getBlockByNumber
eth_getBlockByNumber
eth_getBlockByNumber
eth_getBlockByNumber
eth_estimateGas
eth_getBlockByNumber
eth_gasPrice
eth_sendTransaction

  Transaction: 0x0b6bad038143d27ae2d697ece014476feced662368e851b7e12e92d05bd62ba1
  Gas usage: 105687
  Block Number: 112
  Block Time: Tue May 16 2023 14:47:56 GMT+0100 (British Summer Time)

eth_getTransactionReceipt
net_version
eth_getBlockByNumber
eth_getBlockByNumber
eth_getBlockByNumber
eth_getBlockByNumber
eth_getBlockByNumber
eth_estimateGas
eth_getBlockByNumber
eth_gasPrice
eth_getBlockByNumber
eth_getBlockByNumber
eth_getBlockByNumber
eth_getBlockByNumber
eth_sendTransaction
eth_getBlockByNumber
eth_getBlockByNumber
eth_getBlockByNumber
eth_getBlockByNumber

  Transaction: 0x3583bcf27c1f2339d2c44c1e9c320ed54ee1c891eac2f86ebbdc02efbc5fe4c5
  Gas usage: 66134
  Block Number: 113
  Block Time: Tue May 16 2023 14:47:57 GMT+0100 (British Summer Time)

eth_getTransactionReceipt
net_version
eth_getBlockByNumber
eth_getBlockByNumber
eth_getBlockByNumber
eth_getBlockByNumber
eth_estimateGas
eth_getBlockByNumber
eth_getBlockByNumber
eth_getBlockByNumber
eth_getBlockByNumber
eth_getBlockByNumber
eth_getBlockByNumber
eth_getBlockByNumber
eth_getBlockByNumber
eth_getBlockByNumber
eth_gasPrice
eth_getBlockByNumber
eth_getBlockByNumber
eth_getBlockByNumber
eth_getBlockByNumber
eth_getBlockByNumber
eth_sendTransaction
eth_getBlockByNumber
eth_getBlockByNumber
eth_getBlockByNumber

  Transaction: 0x79f3f2cce56977925170ae30360dd0099052e257dc4568ccdef47dced21b4f71
  Gas usage: 51134
  Block Number: 114
  Block Time: Tue May 16 2023 14:47:58 GMT+0100 (British Summer Time)

eth_getTransactionReceipt
eth_getBlockByNumber
eth_getBlockByNumber
eth_getBlockByNumber
net_version
eth_getBlockByNumber
eth_getBlockByNumber
eth_getBlockByNumber
eth_getBlockByNumber
eth_getBlockByNumber
eth_getBlockByNumber
eth_estimateGas
eth_getBlockByNumber
eth_getBlockByNumber
eth_getBlockByNumber
eth_getBlockByNumber
eth_getBlockByNumber
eth_getBlockByNumber
eth_gasPrice
eth_sendTransaction
eth_getBlockByNumber
eth_getBlockByNumber
eth_getBlockByNumber
eth_getBlockByNumber

  Transaction: 0x604c7f6e1733af6f27855a1c5e0102ca02b20d8f9d5dd665a2f200fdceb2a7f4
  Gas usage: 47443
  Block Number: 115
  Block Time: Tue May 16 2023 14:48:00 GMT+0100 (British Summer Time)

eth_getTransactionReceipt
eth_getBlockByNumber
eth_getBlockByNumber
eth_getBlockByNumber
eth_getBlockByNumber
net_version
eth_getBlockByNumber
eth_estimateGas
eth_getBlockByNumber
eth_getBlockByNumber
eth_getBlockByNumber
eth_getBlockByNumber
eth_getBlockByNumber
eth_getBlockByNumber
eth_gasPrice
eth_getBlockByNumber
eth_getBlockByNumber
eth_getBlockByNumber
eth_getBlockByNumber
eth_getBlockByNumber
eth_sendTransaction
eth_getBlockByNumber
eth_getBlockByNumber
eth_getBlockByNumber
eth_getBlockByNumber
eth_getBlockByNumber

  Transaction: 0xccd1c5e9a2039d4c8f32bf0cbae8e5111faef5dbf91ab7cfd0c673918eabcc95
  Gas usage: 23313
  Block Number: 116
  Block Time: Tue May 16 2023 14:48:01 GMT+0100 (British Summer Time)
  Runtime Error: revert
  Revert reason: tx already executed

eth_getBlockByNumber
eth_call
eth_getBlockByNumber
eth_getBlockByNumber
eth_getBlockByNumber
eth_getBlockByNumber
net_version
eth_getBlockByNumber
eth_getBlockByNumber
eth_getBlockByNumber
eth_getBlockByNumber
eth_getBlockByNumber
eth_getBlockByNumber
eth_getBlockByNumber
eth_getBlockByNumber
eth_getBlockByNumber
eth_getBlockByNumber
eth_getBlockByNumber
eth_getBlockByNumber
eth_getLogs
eth_estimateGas
eth_getBlockByNumber
eth_getBlockByNumber
eth_getBlockByNumber
eth_getBlockByNumber
eth_getBlockByNumber
eth_gasPrice
eth_getCode
eth_getCode
eth_getCode
eth_getCode
eth_sendTransaction

  Transaction: 0x7e603382296c8c4ad8c2d12240fcbb5160214af0dfea7605d91fad591cba92fd
  Gas usage: 23313
  Block Number: 117
  Block Time: Tue May 16 2023 14:48:01 GMT+0100 (British Summer Time)
  Runtime Error: revert
  Revert reason: tx already executed

eth_blockNumber
net_version
eth_accounts
eth_accounts
evm_snapshot
Saved snapshot #13
eth_blockNumber
net_version
eth_getBlockByNumber
eth_estimateGas
eth_getBlockByNumber
eth_gasPrice
eth_sendTransaction

  Transaction: 0x0d3a7aa4b22f735e0dcb8b14baaa20bef456ae3084b6f59ba55f98242b384a1d
  Contract created: 0xc1930e8965c206830ce1b04b96677f4922d8e2f8
  Gas usage: 2379177
  Block Number: 118
  Block Time: Tue May 16 2023 14:49:22 GMT+0100 (British Summer Time)

eth_getTransactionReceipt
eth_getCode
net_version
eth_getBlockByNumber
eth_getBlockByNumber
eth_getBlockByNumber
eth_estimateGas
eth_getBlockByNumber
eth_gasPrice
eth_sendTransaction
eth_getBlockByNumber

  Transaction: 0xce9ee09335c26c7596ecc66e7b7beae4142403ad05d1992820c7e5a7e8508d27
  Gas usage: 105687
  Block Number: 119
  Block Time: Tue May 16 2023 14:49:25 GMT+0100 (British Summer Time)

eth_getTransactionReceipt
eth_getBlockByNumber
net_version
eth_getBlockByNumber
eth_estimateGas
eth_getBlockByNumber
eth_gasPrice
eth_getBlockByNumber
eth_getBlockByNumber
eth_sendTransaction
eth_getBlockByNumber
eth_getBlockByNumber

  Transaction: 0x9c2cd472a4c82cb8f24198464b9cae6374f72a2af4f7d8579d1b9698e50c836e
  Gas usage: 66134
  Block Number: 120
  Block Time: Tue May 16 2023 14:49:27 GMT+0100 (British Summer Time)

eth_getTransactionReceipt
net_version
eth_getBlockByNumber
eth_estimateGas
eth_getBlockByNumber
eth_getBlockByNumber
eth_getBlockByNumber
eth_getBlockByNumber
eth_gasPrice
eth_getBlockByNumber
eth_getBlockByNumber
eth_getBlockByNumber
eth_sendTransaction

  Transaction: 0x66959176602e576bfa72f6e1e6396607926644fec50b362b9cd23465a78de1a9
  Gas usage: 51134
  Block Number: 121
  Block Time: Tue May 16 2023 14:49:29 GMT+0100 (British Summer Time)

eth_getTransactionReceipt
net_version
eth_getBlockByNumber
eth_getBlockByNumber
eth_getBlockByNumber
eth_getBlockByNumber
eth_getBlockByNumber
eth_getBlockByNumber
eth_getBlockByNumber
eth_estimateGas
eth_getBlockByNumber
eth_gasPrice
eth_getBlockByNumber
eth_getBlockByNumber
eth_getBlockByNumber
eth_getBlockByNumber
eth_sendTransaction
eth_getBlockByNumber
eth_getBlockByNumber
eth_getBlockByNumber
eth_getBlockByNumber

  Transaction: 0x9a0fb1d0999fa9638051755df5531a6bd961a8f98087cc28ade92761171a9912
  Gas usage: 47443
  Block Number: 122
  Block Time: Tue May 16 2023 14:49:30 GMT+0100 (British Summer Time)

eth_getTransactionReceipt
net_version
eth_getBlockByNumber
eth_estimateGas
eth_getBlockByNumber
eth_gasPrice
eth_sendTransaction
eth_getBlockByNumber
eth_getBlockByNumber
eth_getBlockByNumber
eth_getBlockByNumber

  Transaction: 0x0696af4f2c88106ba4043c4965e89df6fc187517b5775e699dc059abb0db9174
  Gas usage: 23313
  Block Number: 123
  Block Time: Tue May 16 2023 14:49:32 GMT+0100 (British Summer Time)
  Runtime Error: revert
  Revert reason: tx already executed

eth_getBlockByNumber
eth_call
eth_getBlockByNumber
eth_getBlockByNumber
eth_getBlockByNumber
eth_getBlockByNumber
eth_getBlockByNumber
net_version
eth_getBlockByNumber
eth_getBlockByNumber
eth_getLogs
eth_estimateGas
eth_getBlockByNumber
eth_getBlockByNumber
eth_getBlockByNumber
eth_getBlockByNumber
eth_getBlockByNumber
eth_gasPrice
eth_getCode
eth_getCode
eth_getCode
eth_getCode
eth_sendTransaction

  Transaction: 0x27f6399f62622e15c54ad02ef588ddcf9b823b3e6b07e85196ae58eaaa30b642
  Gas usage: 23313
  Block Number: 124
  Block Time: Tue May 16 2023 14:49:32 GMT+0100 (British Summer Time)
  Runtime Error: revert
  Revert reason: tx already executed

eth_blockNumber
net_version
eth_accounts
eth_accounts
evm_snapshot
Saved snapshot #14
eth_blockNumber
net_version
eth_getBlockByNumber
eth_estimateGas
eth_getBlockByNumber
eth_gasPrice
eth_sendTransaction

  Transaction: 0x069ae58d3d819ebb157d80763280827f4b76fd7621bea181488942773d9239c2
  Contract created: 0x6212ab27e89f636f8fc72030bce9c5d254988d2a
  Gas usage: 2379177
  Block Number: 125
  Block Time: Tue May 16 2023 14:54:43 GMT+0100 (British Summer Time)

eth_getTransactionReceipt
eth_getCode
net_version
eth_getBlockByNumber
eth_getBlockByNumber
eth_getBlockByNumber
eth_estimateGas
eth_getBlockByNumber
eth_gasPrice
eth_getBlockByNumber
eth_sendTransaction
eth_getBlockByNumber

  Transaction: 0x223c950831da87236cd1e93bebde8034bc800322b60f8adb263dfe57ff7aa9bc
  Gas usage: 105687
  Block Number: 126
  Block Time: Tue May 16 2023 14:54:46 GMT+0100 (British Summer Time)

eth_getTransactionReceipt
net_version
eth_getBlockByNumber
eth_getBlockByNumber
eth_getBlockByNumber
eth_estimateGas
eth_getBlockByNumber
eth_getBlockByNumber
eth_gasPrice
eth_getBlockByNumber
eth_getBlockByNumber
eth_sendTransaction
eth_getBlockByNumber

  Transaction: 0x35f97eca0689f505a7056f8f7ba2b12ffa51b4f2caa025ee87dde6448f43fc6a
  Gas usage: 66134
  Block Number: 127
  Block Time: Tue May 16 2023 14:54:49 GMT+0100 (British Summer Time)

eth_getTransactionReceipt
net_version
eth_getBlockByNumber
eth_getBlockByNumber
eth_estimateGas
eth_getBlockByNumber
eth_getBlockByNumber
eth_gasPrice
eth_getBlockByNumber
eth_getBlockByNumber
eth_sendTransaction
eth_getBlockByNumber
eth_getBlockByNumber

  Transaction: 0x67b264bb8a9d969dd9c447a849492e4f5374f5967f09e79aa5f225cc84883ff5
  Gas usage: 51134
  Block Number: 128
  Block Time: Tue May 16 2023 14:54:50 GMT+0100 (British Summer Time)

eth_getTransactionReceipt
net_version
eth_getBlockByNumber
eth_getBlockByNumber
eth_getBlockByNumber
eth_getBlockByNumber
eth_estimateGas
eth_getBlockByNumber
eth_getBlockByNumber
eth_getBlockByNumber
eth_getBlockByNumber
eth_getBlockByNumber
eth_gasPrice
eth_getBlockByNumber
eth_sendTransaction
eth_getBlockByNumber
eth_getBlockByNumber
eth_getBlockByNumber

  Transaction: 0xea945b439fd0e59d1fc83f48281680ab5c70cfb1131a7ae4d3d07150ff389b2a
  Gas usage: 47443
  Block Number: 129
  Block Time: Tue May 16 2023 14:54:52 GMT+0100 (British Summer Time)

eth_getTransactionReceipt
eth_getBlockByNumber
eth_getBlockByNumber
eth_getBlockByNumber
eth_getBlockByNumber
net_version
eth_getBlockByNumber
eth_getBlockByNumber
eth_estimateGas
eth_getBlockByNumber
eth_gasPrice
eth_getBlockByNumber
eth_getBlockByNumber
eth_getBlockByNumber
eth_getBlockByNumber
eth_getBlockByNumber
eth_sendTransaction
eth_getBlockByNumber
eth_getBlockByNumber
eth_getBlockByNumber
eth_getBlockByNumber
eth_getBlockByNumber

  Transaction: 0x37c86a517585905312622166ffdc32982ecefd4a4ff2ba9823f630df94f08082
  Gas usage: 23313
  Block Number: 130
  Block Time: Tue May 16 2023 14:54:54 GMT+0100 (British Summer Time)
  Runtime Error: revert
  Revert reason: tx already executed

eth_call
net_version
eth_getBlockByNumber
eth_getBlockByNumber
eth_getBlockByNumber
eth_getBlockByNumber
eth_getBlockByNumber
eth_getBlockByNumber
eth_getBlockByNumber
eth_getBlockByNumber
eth_getLogs
eth_estimateGas
eth_getBlockByNumber
eth_getBlockByNumber
eth_getBlockByNumber
eth_getBlockByNumber
eth_getBlockByNumber
eth_gasPrice
eth_getCode
eth_getCode
eth_getCode
eth_getCode
eth_sendTransaction

  Transaction: 0xa26f31e4366ac97cafda84fb7fbc898bdccf4e85e2e51b0d60529abf0d26a67e
  Gas usage: 23313
  Block Number: 131
  Block Time: Tue May 16 2023 14:54:55 GMT+0100 (British Summer Time)
  Runtime Error: revert
  Revert reason: tx already executed

eth_blockNumber
net_version
eth_accounts
eth_accounts
evm_snapshot
Saved snapshot #15
eth_blockNumber
net_version
eth_getBlockByNumber
eth_estimateGas
eth_getBlockByNumber
eth_gasPrice
eth_sendTransaction

  Transaction: 0x46f4dc72d45e2fb70ee6473d6985b4f2708e6b9ef5d0c8d364222e132f2375da
  Contract created: 0x78e7fa070c6ec153c861d14be62f7137c296fd55
  Gas usage: 2379177
  Block Number: 132
  Block Time: Tue May 16 2023 15:02:22 GMT+0100 (British Summer Time)

eth_getTransactionReceipt
eth_getCode
net_version
eth_getBlockByNumber
eth_getBlockByNumber
eth_getBlockByNumber
eth_estimateGas
eth_getBlockByNumber
eth_gasPrice
eth_sendTransaction
eth_getBlockByNumber

  Transaction: 0x20aee8189c16700c3fb92f38d07baa541b802c738189d24c8ae0fbc87db0cdf5
  Gas usage: 105687
  Block Number: 133
  Block Time: Tue May 16 2023 15:02:25 GMT+0100 (British Summer Time)

eth_getTransactionReceipt
eth_getBlockByNumber
net_version
eth_getBlockByNumber
eth_estimateGas
eth_getBlockByNumber
eth_getBlockByNumber
eth_getBlockByNumber
eth_gasPrice
eth_getBlockByNumber
eth_getBlockByNumber
eth_sendTransaction

  Transaction: 0x43d59dc1a8a1e3b9e81d660499794ac03ea5312260112ccccd0f554edbf82711
  Gas usage: 66134
  Block Number: 134
  Block Time: Tue May 16 2023 15:02:27 GMT+0100 (British Summer Time)

eth_getTransactionReceipt
net_version
eth_getBlockByNumber
eth_getBlockByNumber
eth_getBlockByNumber
eth_estimateGas
eth_getBlockByNumber
eth_getBlockByNumber
eth_getBlockByNumber
eth_gasPrice
eth_sendTransaction
eth_getBlockByNumber

  Transaction: 0x3d75f01165e9db45730d453a0e56654bfc896646d4a10b30de4cf709f6ed4700
  Gas usage: 51134
  Block Number: 135
  Block Time: Tue May 16 2023 15:02:28 GMT+0100 (British Summer Time)

eth_getTransactionReceipt
eth_getBlockByNumber
eth_getBlockByNumber
eth_getBlockByNumber
net_version
eth_getBlockByNumber
eth_getBlockByNumber
eth_getBlockByNumber
eth_estimateGas
eth_getBlockByNumber
eth_getBlockByNumber
eth_gasPrice
eth_getBlockByNumber
eth_sendTransaction

  Transaction: 0x00f5e9814f44118a45b1bd053b7a9e484cc602aa6449df3c75c16494e862711d
  Gas usage: 47443
  Block Number: 136
  Block Time: Tue May 16 2023 15:02:30 GMT+0100 (British Summer Time)

eth_getTransactionReceipt
net_version
eth_getBlockByNumber
eth_getBlockByNumber
eth_getBlockByNumber
eth_getBlockByNumber
eth_getBlockByNumber
eth_getBlockByNumber
eth_getBlockByNumber
eth_estimateGas
eth_getBlockByNumber
eth_gasPrice
eth_getBlockByNumber
eth_sendTransaction
eth_getBlockByNumber
eth_getBlockByNumber
eth_getBlockByNumber
eth_getBlockByNumber
eth_getBlockByNumber

  Transaction: 0x9dba24a45e9f58e05a81cdcae6c90bc046edd2c3f3a999410d0beb3f8aa5c80f
  Gas usage: 23313
  Block Number: 137
  Block Time: Tue May 16 2023 15:02:32 GMT+0100 (British Summer Time)
  Runtime Error: revert
  Revert reason: tx already executed

eth_call
eth_getBlockByNumber
eth_getBlockByNumber
eth_getBlockByNumber
eth_getBlockByNumber
eth_getBlockByNumber
